TN:
SF:lib/src/components/accordion/accordion.dart
FNF:0
FNH:0
DA:11,2
DA:38,1
DA:39,1
DA:40,0
DA:42,0
DA:44,0
DA:45,0
DA:46,0
DA:47,0
DA:57,1
DA:59,1
DA:60,2
DA:65,2
DA:66,1
DA:69,1
DA:72,0
DA:74,0
DA:75,0
DA:78,1
DA:79,3
DA:80,3
DA:83,1
DA:85,2
DA:86,1
DA:89,1
DA:91,2
DA:92,2
DA:93,2
DA:94,1
DA:95,1
DA:97,1
DA:98,1
DA:99,4
DA:102,1
DA:104,1
DA:106,1
DA:107,1
DA:108,1
DA:109,1
DA:110,1
DA:112,1
DA:113,0
DA:114,0
DA:116,0
DA:117,0
DA:120,0
DA:126,2
DA:127,1
DA:128,0
DA:133,1
DA:135,0
DA:136,0
DA:137,0
DA:138,0
DA:140,0
DA:141,0
DA:144,1
DA:146,1
DA:148,1
DA:149,1
DA:150,1
DA:151,2
DA:153,4
DA:155,1
DA:157,1
DA:158,1
DA:159,2
DA:166,1
DA:167,1
DA:169,1
DA:176,1
DA:177,3
DA:178,1
DA:180,2
LF:74
LH:53
end_of_record
TN:
SF:lib/src/components/avatars/avatar.dart
FNF:0
FNH:0
DA:39,0
DA:55,0
DA:70,0
DA:85,0
DA:98,0
DA:154,0
DA:163,0
DA:164,0
DA:165,0
DA:166,0
DA:167,0
DA:168,0
DA:169,0
DA:170,0
DA:174,0
DA:176,0
DA:178,0
DA:180,0
DA:181,0
DA:182,0
DA:184,0
DA:185,0
DA:186,0
DA:187,0
DA:188,0
DA:189,0
DA:190,0
DA:191,0
DA:193,0
DA:200,0
DA:205,0
DA:206,0
DA:207,0
DA:208,0
DA:209,0
DA:210,0
DA:211,0
DA:212,0
DA:215,0
DA:216,0
DA:218,0
DA:220,0
DA:221,0
DA:224,0
DA:225,0
DA:226,0
DA:229,0
DA:234,0
DA:235,0
DA:237,0
DA:239,0
DA:245,0
DA:246,0
DA:248,0
DA:249,0
DA:250,0
DA:251,0
DA:255,0
DA:256,0
DA:259,0
DA:260,0
DA:261,0
DA:271,0
DA:273,0
DA:275,0
DA:276,0
DA:277,0
DA:278,0
DA:279,0
DA:280,0
DA:281,0
DA:282,0
DA:283,0
DA:284,0
DA:289,0
DA:291,0
DA:293,0
DA:295,0
DA:297,0
DA:299,0
DA:301,0
DA:303,0
DA:305,0
DA:307,0
DA:312,0
DA:314,0
DA:316,0
DA:317,0
DA:318,0
DA:319,0
DA:322,0
DA:323,0
DA:324,0
DA:325,0
DA:330,0
DA:331,0
DA:349,0
DA:358,0
DA:369,0
DA:380,0
DA:408,0
DA:416,0
DA:417,0
DA:418,0
DA:419,0
DA:420,0
DA:421,0
DA:422,0
DA:423,0
DA:427,0
DA:429,0
DA:431,0
DA:432,0
DA:433,0
DA:434,0
DA:436,0
DA:438,0
DA:442,0
DA:443,0
DA:444,0
DA:445,0
DA:446,0
DA:447,0
DA:448,0
DA:453,0
DA:454,0
DA:455,0
DA:456,0
DA:457,0
DA:462,0
DA:463,0
DA:464,0
DA:465,0
DA:467,0
DA:468,0
DA:470,0
DA:478,0
DA:479,0
DA:482,0
DA:483,0
DA:486,0
DA:488,0
DA:490,0
DA:491,0
DA:492,0
DA:493,0
DA:494,0
DA:495,0
LF:148
LH:0
end_of_record
TN:
SF:lib/src/components/badges/indicator.dart
FNF:0
FNH:0
DA:19,2
DA:32,1
DA:44,1
DA:85,1
DA:93,1
DA:94,0
DA:95,1
DA:96,1
DA:97,1
DA:98,1
DA:99,1
DA:103,1
DA:105,2
DA:106,4
DA:107,1
DA:108,3
DA:110,1
DA:111,3
DA:112,1
DA:113,1
DA:114,1
DA:115,1
DA:116,2
DA:117,1
DA:120,1
DA:121,1
DA:124,2
DA:125,1
DA:126,1
DA:128,3
DA:136,1
DA:137,1
DA:138,1
DA:139,2
DA:140,1
DA:141,1
DA:142,1
DA:147,1
DA:148,1
DA:149,1
DA:150,2
DA:151,1
DA:153,2
DA:161,1
DA:163,1
DA:165,1
DA:166,1
DA:167,1
DA:172,1
DA:173,1
DA:177,1
DA:179,1
DA:181,3
DA:182,3
DA:183,3
DA:184,3
DA:185,3
DA:186,3
DA:187,3
LF:59
LH:58
end_of_record
TN:
SF:lib/src/components/badges/label.dart
FNF:0
FNH:0
DA:15,1
DA:32,1
DA:34,2
DA:36,1
DA:38,1
DA:40,1
DA:42,1
DA:43,1
DA:44,2
DA:50,1
DA:52,1
DA:54,3
DA:55,3
DA:56,3
DA:61,1
DA:62,2
DA:64,1
DA:65,1
DA:66,1
DA:67,1
DA:68,1
DA:69,2
DA:70,1
DA:71,1
DA:72,1
DA:73,2
LF:26
LH:26
end_of_record
TN:
SF:lib/src/components/badges/priority_pill.dart
FNF:0
FNH:0
DA:33,1
DA:34,2
DA:36,1
DA:37,1
DA:38,1
DA:39,1
DA:40,1
DA:41,1
DA:42,1
DA:43,1
DA:51,1
DA:97,1
DA:99,3
DA:100,2
DA:101,2
DA:102,1
DA:103,1
DA:104,1
DA:106,1
DA:108,1
DA:110,1
DA:111,1
DA:115,1
DA:119,1
DA:120,2
DA:121,2
DA:122,4
DA:123,3
DA:124,3
DA:125,2
DA:126,1
DA:128,1
DA:129,1
DA:131,2
DA:134,1
DA:135,1
DA:140,1
DA:141,4
DA:142,2
DA:143,1
DA:145,1
DA:156,1
DA:158,1
DA:160,3
DA:161,3
DA:162,3
DA:163,3
DA:164,3
DA:165,3
DA:166,3
DA:167,3
LF:51
LH:51
end_of_record
TN:
SF:lib/src/components/badges/status_label.dart
FNF:0
FNH:0
DA:11,2
DA:28,2
DA:30,4
DA:32,2
DA:33,2
DA:34,2
DA:35,4
DA:36,2
DA:38,2
DA:40,2
DA:42,2
DA:43,2
DA:44,2
DA:45,2
DA:46,2
DA:49,2
DA:50,2
DA:51,6
DA:60,1
DA:62,1
DA:64,3
DA:65,3
DA:66,3
DA:67,3
LF:24
LH:24
end_of_record
TN:
SF:lib/src/components/badges/tag.dart
FNF:0
FNH:0
DA:18,1
DA:26,1
DA:29,1
DA:42,1
DA:44,1
DA:45,1
DA:46,3
DA:47,1
DA:48,1
DA:49,3
DA:50,1
DA:52,1
DA:53,2
DA:54,1
DA:55,1
DA:56,1
DA:58,1
DA:59,1
DA:67,3
DA:72,1
DA:73,1
DA:74,2
DA:87,1
DA:88,1
DA:90,1
DA:91,3
DA:92,1
DA:93,1
DA:98,1
DA:100,1
DA:102,3
DA:103,3
DA:104,3
DA:109,1
DA:119,1
DA:121,1
DA:122,2
DA:123,1
DA:124,4
DA:126,1
DA:129,1
DA:137,1
DA:140,1
DA:141,2
DA:142,1
DA:145,6
DA:146,1
DA:147,2
DA:148,2
DA:149,2
DA:150,3
DA:151,2
DA:152,2
DA:155,4
DA:159,2
DA:160,3
DA:161,1
DA:166,0
LF:58
LH:57
end_of_record
TN:
SF:lib/src/components/banner/banner.dart
FNF:0
FNH:0
DA:37,0
DA:46,0
DA:48,0
DA:49,0
DA:50,0
DA:51,0
DA:52,0
DA:54,0
DA:55,0
DA:56,0
DA:57,0
DA:59,0
DA:65,0
DA:66,0
DA:67,0
DA:68,0
DA:72,0
DA:74,0
DA:76,0
DA:78,0
DA:84,0
DA:91,0
DA:92,0
DA:93,0
DA:94,0
DA:100,0
DA:101,0
DA:104,0
DA:105,0
DA:106,0
DA:107,0
DA:108,0
DA:109,0
DA:110,0
DA:111,0
LF:35
LH:0
end_of_record
TN:
SF:lib/src/components/bottom sheets/bottom_sheet.dart
FNF:0
FNH:0
DA:9,0
DA:28,0
DA:30,0
DA:32,0
DA:33,0
DA:34,0
DA:41,0
DA:42,0
DA:48,0
DA:50,0
DA:51,0
DA:52,0
DA:54,0
DA:56,0
DA:59,0
DA:64,0
DA:65,0
DA:67,0
DA:68,0
DA:69,0
DA:70,0
DA:75,0
DA:76,0
DA:77,0
DA:85,0
DA:87,0
DA:89,0
DA:90,0
DA:97,0
DA:105,0
DA:109,0
LF:31
LH:0
end_of_record
TN:
SF:lib/src/components/bottom sheets/menu_items.dart
FNF:0
FNH:0
DA:21,0
DA:32,0
DA:42,0
DA:75,0
DA:77,0
DA:79,0
DA:81,0
DA:82,0
DA:83,0
DA:84,0
DA:86,0
DA:87,0
DA:88,0
DA:91,0
DA:92,0
DA:93,0
DA:95,0
DA:96,0
DA:97,0
DA:99,0
DA:101,0
DA:102,0
DA:103,0
DA:104,0
DA:105,0
DA:106,0
DA:107,0
DA:111,0
DA:112,0
DA:113,0
DA:114,0
DA:121,0
DA:122,0
DA:123,0
DA:124,0
DA:126,0
DA:127,0
DA:128,0
DA:129,0
DA:131,0
DA:132,0
DA:133,0
DA:136,0
DA:142,0
DA:146,0
DA:147,0
DA:151,0
DA:153,0
DA:155,0
DA:156,0
LF:50
LH:0
end_of_record
TN:
SF:lib/src/components/breadcrumbs/breadcrumbs.dart
FNF:0
FNH:0
DA:8,0
DA:21,0
DA:22,0
DA:24,0
DA:26,0
DA:28,0
DA:29,0
DA:30,0
DA:38,0
DA:40,0
DA:41,0
DA:42,0
DA:45,0
DA:47,0
DA:48,0
DA:49,0
DA:50,0
DA:53,0
DA:56,0
DA:58,0
DA:59,0
DA:61,0
DA:63,0
DA:64,0
DA:65,0
DA:74,0
DA:81,0
DA:82,0
DA:83,0
DA:84,0
DA:85,0
DA:86,0
DA:87,0
DA:89,0
DA:91,0
DA:95,0
DA:96,0
DA:97,0
DA:98,0
DA:100,0
DA:102,0
DA:103,0
DA:106,0
DA:107,0
DA:109,0
DA:110,0
DA:120,0
DA:144,0
DA:145,0
DA:147,0
DA:149,0
DA:151,0
DA:152,0
DA:153,0
DA:154,0
DA:155,0
DA:162,0
DA:164,0
DA:165,0
DA:166,0
DA:167,0
DA:172,0
DA:174,0
DA:175,0
DA:176,0
DA:177,0
DA:180,0
DA:183,0
DA:184,0
DA:185,0
DA:186,0
DA:187,0
DA:188,0
DA:190,0
DA:193,0
DA:194,0
DA:195,0
DA:203,0
DA:204,0
DA:205,0
DA:207,0
DA:208,0
DA:211,0
DA:213,0
DA:214,0
DA:215,0
DA:217,0
DA:226,0
DA:234,0
DA:235,0
DA:241,0
DA:243,0
DA:244,0
DA:246,0
DA:247,0
DA:248,0
DA:249,0
DA:250,0
DA:251,0
DA:254,0
DA:255,0
DA:256,0
DA:257,0
DA:259,0
DA:260,0
DA:262,0
DA:263,0
DA:265,0
DA:267,0
DA:268,0
DA:269,0
DA:271,0
DA:273,0
DA:274,0
DA:278,0
DA:279,0
DA:280,0
DA:282,0
DA:285,0
DA:286,0
DA:290,0
DA:291,0
DA:297,0
DA:301,0
DA:302,0
DA:303,0
DA:304,0
DA:313,0
LF:128
LH:0
end_of_record
TN:
SF:lib/src/components/button_group/button_group.dart
FNF:0
FNH:0
DA:9,0
DA:26,0
DA:28,0
DA:29,0
DA:30,0
DA:32,0
DA:38,0
DA:39,0
DA:41,0
DA:42,0
DA:43,0
DA:44,0
DA:45,0
DA:46,0
DA:47,0
DA:55,0
DA:57,0
DA:59,0
DA:60,0
DA:61,0
DA:70,0
DA:85,0
DA:101,0
DA:116,0
DA:165,0
DA:166,0
DA:169,0
DA:176,0
DA:177,0
DA:178,0
DA:179,0
DA:180,0
DA:181,0
DA:182,0
DA:183,0
DA:184,0
DA:185,0
DA:186,0
DA:187,0
DA:188,0
DA:192,0
DA:194,0
DA:196,0
DA:197,0
DA:198,0
DA:199,0
DA:200,0
DA:201,0
DA:202,0
DA:203,0
DA:204,0
DA:205,0
DA:212,0
DA:214,0
DA:215,0
DA:218,0
DA:220,0
DA:221,0
DA:222,0
DA:226,0
DA:228,0
DA:232,0
DA:233,0
DA:235,0
DA:236,0
DA:238,0
DA:239,0
DA:243,0
DA:244,0
DA:245,0
DA:250,0
DA:251,0
DA:259,0
DA:260,0
DA:261,0
DA:262,0
DA:263,0
DA:266,0
DA:267,0
DA:268,0
DA:270,0
DA:271,0
DA:273,0
DA:274,0
DA:276,0
DA:278,0
DA:280,0
DA:281,0
DA:282,0
DA:284,0
DA:285,0
DA:288,0
DA:292,0
DA:297,0
DA:298,0
DA:300,0
DA:313,0
DA:314,0
DA:318,0
DA:320,0
DA:321,0
DA:324,0
DA:325,0
DA:326,0
DA:330,0
DA:331,0
DA:332,0
DA:336,0
DA:339,0
DA:340,0
DA:342,0
DA:343,0
DA:344,0
DA:346,0
DA:348,0
DA:349,0
DA:350,0
DA:354,0
DA:355,0
DA:361,0
DA:363,0
DA:367,0
DA:368,0
DA:369,0
DA:370,0
DA:371,0
DA:372,0
DA:374,0
DA:375,0
DA:376,0
DA:377,0
DA:383,0
DA:389,0
DA:391,0
DA:392,0
LF:135
LH:0
end_of_record
TN:
SF:lib/src/components/buttons/button.dart
FNF:0
FNH:0
DA:9,3
DA:22,1
DA:34,1
DA:46,1
DA:58,1
DA:70,1
DA:82,1
DA:94,2
DA:133,1
DA:143,1
DA:144,1
DA:145,1
DA:146,0
DA:147,0
DA:148,1
DA:149,1
DA:150,1
DA:151,1
DA:155,2
DA:157,4
DA:158,2
DA:159,6
DA:160,2
DA:161,2
DA:162,2
DA:163,2
DA:165,4
DA:166,2
DA:169,2
DA:170,2
DA:172,2
DA:173,2
DA:174,1
DA:175,1
DA:176,1
DA:178,4
DA:179,2
DA:180,2
DA:181,2
DA:183,2
DA:184,1
DA:185,1
DA:186,1
DA:189,2
DA:194,2
DA:195,4
DA:201,6
DA:203,2
DA:204,2
DA:205,2
DA:208,2
DA:211,1
DA:216,2
DA:217,2
DA:218,2
DA:221,2
DA:224,1
DA:229,1
DA:230,1
DA:231,1
DA:232,1
DA:234,1
DA:239,1
DA:241,1
DA:243,3
DA:244,3
DA:245,3
DA:246,3
DA:247,3
DA:248,3
DA:249,3
DA:250,3
LF:72
LH:70
end_of_record
TN:
SF:lib/src/components/buttons/button_style.dart
FNF:0
FNH:0
DA:40,2
DA:42,2
DA:43,1
DA:44,2
DA:45,1
DA:46,2
DA:47,1
DA:48,2
DA:49,2
DA:50,1
DA:51,2
DA:52,1
DA:53,2
DA:58,6
DA:61,6
DA:67,2
DA:69,2
DA:71,2
DA:73,1
DA:80,2
DA:87,2
DA:89,2
DA:91,2
DA:92,2
DA:93,2
DA:94,4
DA:96,2
DA:97,2
DA:98,2
DA:99,1
DA:101,2
DA:102,1
DA:104,2
DA:105,1
DA:108,2
DA:111,2
DA:112,2
DA:113,2
DA:114,1
DA:117,2
DA:118,2
DA:119,1
DA:120,2
DA:121,1
DA:122,1
DA:123,1
DA:124,1
DA:125,1
DA:126,1
DA:130,4
DA:133,4
DA:134,4
DA:135,2
DA:138,2
DA:139,2
DA:141,2
DA:142,2
DA:143,5
DA:150,2
LF:59
LH:59
end_of_record
TN:
SF:lib/src/components/buttons/icon_button.dart
FNF:0
FNH:0
DA:9,0
DA:19,0
DA:28,0
DA:37,0
DA:46,0
DA:55,0
DA:64,0
DA:73,0
DA:99,0
DA:101,0
DA:103,0
DA:104,0
DA:105,0
DA:107,0
DA:108,0
DA:111,0
DA:115,0
DA:116,0
DA:117,0
DA:119,0
DA:121,0
DA:126,0
DA:127,0
DA:128,0
DA:130,0
DA:132,0
DA:137,0
DA:139,0
DA:141,0
DA:142,0
DA:143,0
DA:144,0
DA:145,0
LF:33
LH:0
end_of_record
TN:
SF:lib/src/components/buttons/input_icon_button.dart
FNF:0
FNH:0
DA:9,0
DA:35,0
DA:36,0
DA:37,0
DA:39,0
DA:41,0
DA:46,0
DA:48,0
DA:50,0
DA:51,0
DA:52,0
DA:53,0
DA:54,0
DA:55,0
DA:56,0
DA:58,0
DA:59,0
DA:60,0
DA:61,0
DA:65,0
DA:67,0
DA:69,0
DA:70,0
DA:71,0
DA:72,0
DA:73,0
LF:26
LH:0
end_of_record
TN:
SF:lib/src/components/chat_item/chat_item.dart
FNF:0
FNH:0
DA:12,0
DA:101,0
DA:102,0
DA:104,0
DA:108,0
DA:109,0
DA:110,0
DA:112,0
DA:115,0
DA:116,0
DA:117,0
DA:119,0
DA:122,0
DA:124,0
DA:126,0
DA:128,0
DA:129,0
DA:130,0
DA:133,0
DA:134,0
DA:135,0
DA:138,0
DA:139,0
DA:140,0
DA:143,0
DA:144,0
DA:147,0
DA:148,0
DA:149,0
DA:151,0
DA:152,0
DA:153,0
DA:154,0
DA:155,0
DA:156,0
DA:158,0
DA:162,0
DA:163,0
DA:164,0
DA:166,0
DA:167,0
DA:168,0
DA:169,0
DA:170,0
DA:173,0
DA:174,0
DA:175,0
DA:176,0
DA:177,0
DA:179,0
DA:182,0
DA:183,0
DA:184,0
DA:185,0
DA:186,0
DA:190,0
DA:192,0
DA:193,0
DA:195,0
DA:196,0
DA:197,0
DA:200,0
DA:203,0
DA:204,0
DA:207,0
DA:208,0
DA:209,0
DA:210,0
DA:211,0
DA:214,0
DA:218,0
DA:219,0
DA:220,0
DA:221,0
DA:222,0
DA:226,0
DA:228,0
DA:231,0
DA:232,0
DA:236,0
DA:238,0
DA:241,0
DA:242,0
DA:249,0
DA:250,0
DA:253,0
DA:254,0
DA:255,0
DA:256,0
DA:270,0
DA:272,0
DA:273,0
DA:274,0
DA:275,0
DA:278,0
DA:279,0
DA:281,0
DA:284,0
DA:285,0
DA:289,0
DA:290,0
DA:291,0
DA:315,0
DA:317,0
DA:319,0
DA:320,0
DA:321,0
DA:322,0
DA:323,0
DA:324,0
DA:325,0
DA:326,0
DA:327,0
DA:328,0
DA:329,0
DA:330,0
DA:331,0
DA:338,0
DA:339,0
DA:341,0
DA:342,0
DA:343,0
DA:344,0
DA:345,0
DA:346,0
DA:347,0
DA:348,0
DA:349,0
DA:350,0
DA:358,0
DA:368,0
DA:373,0
DA:384,0
DA:395,0
DA:406,0
DA:450,0
DA:452,0
DA:453,0
DA:454,0
DA:456,0
DA:457,0
DA:461,0
DA:462,0
DA:463,0
DA:464,0
DA:465,0
DA:469,0
DA:477,0
DA:479,0
DA:481,0
DA:482,0
DA:483,0
DA:484,0
DA:485,0
DA:486,0
DA:487,0
LF:156
LH:0
end_of_record
TN:
SF:lib/src/components/checkbox/checkbox.dart
FNF:0
FNH:0
DA:16,1
DA:27,1
DA:30,1
DA:31,1
DA:33,1
DA:34,1
DA:35,1
DA:40,1
DA:69,1
DA:70,1
DA:71,1
DA:73,1
DA:75,3
DA:76,3
DA:77,3
DA:78,3
DA:79,3
DA:80,3
DA:86,1
DA:87,1
DA:95,1
DA:130,1
DA:131,1
DA:132,1
DA:134,1
DA:136,3
DA:137,3
DA:138,3
DA:139,3
DA:140,3
DA:141,3
DA:142,3
DA:143,3
DA:148,3
DA:153,1
DA:154,2
DA:155,2
DA:156,1
DA:161,1
DA:163,1
DA:165,1
DA:166,7
DA:168,1
DA:170,1
DA:171,2
DA:172,2
DA:174,1
DA:175,2
DA:176,2
DA:177,2
DA:178,2
DA:179,1
DA:180,2
DA:181,4
DA:182,1
DA:184,1
DA:192,1
DA:193,1
DA:194,1
DA:196,1
DA:198,1
DA:199,2
DA:200,6
DA:204,1
DA:207,1
DA:208,1
DA:210,1
DA:211,1
DA:212,3
DA:213,1
DA:216,3
DA:219,1
DA:220,2
DA:227,2
DA:228,1
DA:229,1
DA:231,3
DA:238,1
DA:239,4
DA:240,4
DA:241,1
DA:242,3
DA:247,1
DA:248,1
DA:249,1
DA:251,0
DA:252,0
DA:255,0
LF:88
LH:85
end_of_record
TN:
SF:lib/src/components/chips/assist_chip.dart
FNF:0
FNH:0
DA:14,0
LF:1
LH:0
end_of_record
TN:
SF:lib/src/components/chips/chip.dart
FNF:0
FNH:0
DA:17,0
DA:64,0
DA:65,0
DA:66,0
DA:68,0
DA:70,0
DA:71,0
DA:72,0
DA:73,0
DA:74,0
DA:75,0
DA:76,0
DA:77,0
DA:84,0
DA:86,0
DA:87,0
DA:90,0
DA:91,0
DA:92,0
DA:93,0
DA:94,0
DA:96,0
DA:101,0
DA:103,0
DA:104,0
DA:106,0
DA:107,0
DA:108,0
DA:109,0
DA:110,0
DA:111,0
DA:113,0
DA:116,0
DA:117,0
DA:118,0
DA:120,0
DA:125,0
DA:126,0
DA:127,0
DA:128,0
DA:129,0
DA:130,0
DA:131,0
DA:132,0
DA:134,0
DA:135,0
DA:136,0
DA:137,0
DA:139,0
DA:142,0
DA:145,0
DA:146,0
DA:148,0
DA:151,0
DA:152,0
DA:153,0
DA:154,0
DA:156,0
DA:157,0
DA:158,0
DA:160,0
DA:162,0
DA:163,0
DA:165,0
DA:166,0
DA:168,0
DA:169,0
DA:171,0
DA:172,0
DA:173,0
DA:174,0
DA:176,0
DA:182,0
DA:184,0
DA:185,0
DA:186,0
DA:189,0
DA:190,0
DA:192,0
DA:196,0
DA:197,0
DA:198,0
DA:199,0
DA:200,0
DA:201,0
DA:202,0
DA:204,0
DA:206,0
DA:207,0
DA:208,0
DA:219,0
DA:221,0
DA:223,0
DA:224,0
DA:225,0
LF:95
LH:0
end_of_record
TN:
SF:lib/src/components/chips/filter_chip.dart
FNF:0
FNH:0
DA:14,0
DA:23,0
DA:26,0
DA:29,0
DA:30,0
DA:31,0
DA:32,0
DA:33,0
DA:34,0
DA:35,0
DA:36,0
LF:11
LH:0
end_of_record
TN:
SF:lib/src/components/chips/input_chip.dart
FNF:0
FNH:0
DA:10,0
LF:1
LH:0
end_of_record
TN:
SF:lib/src/components/contact_item/contact_item.dart
FNF:0
FNH:0
DA:8,0
DA:33,0
DA:35,0
DA:37,0
DA:38,0
DA:39,0
DA:40,0
DA:41,0
DA:42,0
DA:43,0
DA:44,0
DA:48,0
DA:50,0
DA:51,0
DA:52,0
DA:58,0
DA:59,0
DA:60,0
DA:61,0
DA:62,0
DA:64,0
DA:67,0
DA:68,0
DA:69,0
DA:70,0
DA:74,0
DA:76,0
DA:77,0
DA:78,0
DA:82,0
DA:97,0
DA:99,0
DA:101,0
DA:102,0
LF:34
LH:0
end_of_record
TN:
SF:lib/src/components/date_input/date_input.dart
FNF:0
FNH:0
DA:16,0
DA:32,0
DA:71,0
DA:72,0
DA:73,0
DA:75,0
DA:77,0
DA:78,0
DA:79,0
DA:80,0
DA:81,0
DA:82,0
DA:83,0
DA:84,0
DA:85,0
DA:86,0
DA:87,0
DA:88,0
DA:89,0
DA:97,0
DA:106,0
DA:108,0
DA:109,0
DA:110,0
DA:115,0
DA:117,0
DA:118,0
DA:119,0
DA:123,0
DA:124,0
DA:125,0
DA:126,0
DA:129,0
DA:132,0
DA:134,0
DA:135,0
DA:138,0
DA:139,0
DA:140,0
DA:142,0
DA:145,0
DA:146,0
DA:147,0
DA:150,0
DA:151,0
DA:152,0
DA:153,0
DA:155,0
DA:161,0
DA:164,0
DA:166,0
DA:168,0
DA:169,0
DA:172,0
DA:174,0
DA:175,0
DA:176,0
DA:177,0
DA:178,0
DA:179,0
DA:184,0
DA:193,0
DA:197,0
DA:199,0
DA:200,0
DA:201,0
DA:202,0
DA:204,0
DA:205,0
DA:208,0
DA:209,0
DA:211,0
DA:213,0
DA:214,0
DA:215,0
DA:216,0
DA:217,0
DA:218,0
DA:219,0
DA:220,0
DA:221,0
DA:222,0
DA:223,0
DA:224,0
DA:226,0
DA:227,0
DA:228,0
DA:229,0
DA:230,0
DA:232,0
DA:233,0
DA:238,0
DA:239,0
DA:243,0
DA:244,0
DA:245,0
DA:248,0
DA:249,0
DA:250,0
DA:252,0
DA:253,0
DA:254,0
DA:255,0
DA:257,0
DA:259,0
DA:260,0
DA:261,0
DA:262,0
LF:108
LH:0
end_of_record
TN:
SF:lib/src/components/dial_pad/dial_pad.dart
FNF:0
FNH:0
DA:10,2
DA:57,1
DA:58,1
DA:60,1
DA:62,1
DA:64,3
DA:65,3
DA:66,3
DA:67,3
DA:72,3
DA:74,3
DA:81,1
DA:82,3
DA:84,2
DA:85,1
DA:86,5
DA:88,4
DA:89,3
DA:91,1
DA:92,1
DA:93,3
DA:94,2
DA:95,5
DA:99,1
DA:100,2
DA:101,1
DA:102,1
DA:103,1
DA:105,1
DA:106,3
DA:108,4
DA:112,1
DA:114,1
DA:115,1
DA:116,6
DA:117,1
DA:118,1
DA:120,2
DA:124,2
DA:125,1
DA:126,2
DA:127,1
DA:128,1
DA:129,1
DA:130,2
DA:132,4
DA:137,1
DA:147,2
DA:173,1
DA:175,1
DA:177,3
DA:178,3
DA:179,3
DA:180,3
DA:183,1
DA:185,2
DA:187,1
DA:189,1
DA:191,1
DA:195,1
DA:197,2
DA:198,4
DA:200,1
DA:202,1
DA:203,4
DA:205,2
DA:206,1
DA:207,1
DA:209,1
DA:210,1
DA:214,1
DA:215,1
DA:216,2
DA:217,2
DA:218,4
LF:75
LH:75
end_of_record
TN:
SF:lib/src/components/dialog/dialog.dart
FNF:0
FNH:0
DA:15,0
DA:31,0
DA:35,0
DA:51,0
DA:76,0
DA:78,0
DA:79,0
DA:81,0
DA:82,0
DA:83,0
DA:85,0
DA:87,0
DA:88,0
DA:89,0
DA:91,0
DA:93,0
DA:94,0
DA:95,0
DA:99,0
DA:100,0
DA:101,0
DA:102,0
DA:104,0
DA:105,0
DA:107,0
DA:108,0
DA:109,0
DA:111,0
DA:112,0
DA:113,0
DA:115,0
DA:117,0
DA:118,0
DA:119,0
DA:120,0
DA:121,0
DA:122,0
DA:128,0
DA:135,0
DA:136,0
DA:138,0
DA:139,0
DA:147,0
DA:148,0
DA:149,0
DA:150,0
DA:151,0
DA:152,0
DA:154,0
DA:155,0
DA:157,0
DA:158,0
DA:159,0
DA:160,0
DA:161,0
DA:164,0
DA:165,0
DA:166,0
DA:167,0
DA:168,0
DA:169,0
DA:171,0
DA:177,0
DA:178,0
DA:179,0
DA:180,0
DA:182,0
DA:183,0
DA:185,0
DA:186,0
DA:187,0
DA:188,0
DA:196,0
DA:206,0
DA:208,0
DA:210,0
DA:211,0
DA:212,0
DA:213,0
DA:214,0
DA:215,0
DA:216,0
DA:217,0
DA:218,0
DA:219,0
LF:85
LH:0
end_of_record
TN:
SF:lib/src/components/dropdown/dropdown.dart
FNF:0
FNH:0
DA:10,0
DA:15,0
DA:16,0
DA:18,0
DA:19,0
DA:21,0
DA:22,0
DA:24,0
DA:25,0
DA:31,0
DA:36,0
DA:54,0
DA:116,0
DA:117,0
DA:118,0
DA:120,0
DA:122,0
DA:123,0
DA:124,0
DA:125,0
DA:126,0
DA:127,0
DA:128,0
DA:129,0
DA:130,0
DA:135,0
DA:137,0
DA:138,0
DA:165,0
DA:166,0
DA:169,0
DA:171,0
DA:172,0
DA:173,0
DA:174,0
DA:176,0
DA:177,0
DA:179,0
DA:183,0
DA:185,0
DA:187,0
DA:188,0
DA:189,0
DA:191,0
DA:192,0
DA:193,0
DA:196,0
DA:197,0
DA:198,0
DA:199,0
DA:205,0
DA:206,0
DA:207,0
DA:209,0
DA:213,0
DA:214,0
DA:215,0
DA:218,0
DA:220,0
DA:221,0
DA:222,0
DA:224,0
DA:228,0
DA:232,0
DA:233,0
DA:234,0
DA:237,0
DA:238,0
DA:240,0
DA:242,0
DA:247,0
DA:248,0
DA:249,0
DA:250,0
DA:252,0
DA:257,0
DA:262,0
DA:263,0
DA:264,0
DA:265,0
DA:268,0
DA:272,0
DA:273,0
DA:274,0
DA:275,0
DA:278,0
DA:279,0
DA:280,0
DA:281,0
DA:282,0
DA:284,0
DA:285,0
DA:291,0
DA:292,0
DA:293,0
DA:294,0
DA:295,0
DA:296,0
DA:297,0
DA:298,0
DA:301,0
DA:302,0
DA:303,0
DA:305,0
DA:306,0
DA:307,0
DA:308,0
DA:310,0
DA:311,0
DA:313,0
DA:314,0
DA:317,0
DA:318,0
DA:321,0
DA:322,0
DA:323,0
DA:324,0
DA:325,0
DA:326,0
DA:327,0
DA:328,0
DA:329,0
DA:330,0
DA:332,0
DA:333,0
DA:345,0
DA:347,0
DA:349,0
DA:350,0
DA:352,0
DA:355,0
DA:362,0
DA:389,0
DA:390,0
DA:391,0
DA:393,0
DA:395,0
DA:396,0
DA:397,0
DA:398,0
DA:399,0
DA:401,0
DA:404,0
DA:405,0
DA:412,0
DA:414,0
DA:415,0
DA:416,0
DA:417,0
DA:422,0
DA:424,0
DA:425,0
DA:428,0
DA:430,0
DA:432,0
DA:435,0
DA:441,0
DA:443,0
DA:444,0
DA:445,0
DA:446,0
DA:447,0
DA:448,0
DA:453,0
DA:456,0
DA:457,0
DA:458,0
DA:459,0
DA:460,0
DA:470,0
DA:471,0
DA:472,0
DA:473,0
DA:474,0
DA:475,0
DA:476,0
DA:477,0
DA:480,0
DA:481,0
DA:482,0
DA:484,0
DA:485,0
DA:488,0
DA:489,0
DA:493,0
DA:494,0
DA:495,0
DA:496,0
DA:497,0
DA:499,0
DA:500,0
DA:502,0
DA:503,0
DA:505,0
DA:506,0
DA:509,0
DA:511,0
DA:512,0
DA:513,0
DA:515,0
DA:517,0
DA:518,0
DA:519,0
DA:522,0
DA:523,0
DA:524,0
DA:534,0
DA:536,0
DA:537,0
DA:538,0
DA:540,0
DA:548,0
DA:574,0
DA:575,0
DA:576,0
DA:578,0
DA:580,0
DA:581,0
DA:582,0
DA:583,0
DA:584,0
DA:585,0
DA:590,0
DA:592,0
DA:593,0
DA:595,0
DA:596,0
DA:597,0
DA:608,0
DA:609,0
DA:610,0
DA:613,0
DA:614,0
DA:617,0
DA:618,0
DA:619,0
DA:621,0
DA:622,0
DA:623,0
DA:624,0
DA:627,0
DA:628,0
LF:242
LH:0
end_of_record
TN:
SF:lib/src/components/fabs/fab.dart
FNF:0
FNH:0
DA:31,2
DA:87,1
DA:88,1
DA:90,1
DA:92,1
DA:94,3
DA:95,3
DA:96,3
DA:97,3
DA:98,3
DA:99,3
DA:100,3
DA:101,3
DA:102,3
DA:107,1
DA:109,6
DA:110,3
DA:111,5
DA:113,1
DA:114,2
DA:115,2
DA:116,1
DA:118,6
DA:119,2
DA:120,1
DA:121,0
DA:123,1
DA:124,1
DA:126,1
DA:127,0
DA:131,1
DA:132,1
DA:133,1
DA:135,5
DA:141,1
DA:143,1
DA:146,4
DA:147,1
DA:149,1
DA:150,6
DA:151,2
DA:152,1
DA:154,4
DA:156,2
DA:165,1
DA:166,2
DA:168,1
DA:169,1
DA:170,1
DA:171,1
DA:172,1
DA:173,1
DA:179,1
DA:180,1
DA:183,1
DA:186,1
DA:187,1
DA:189,1
DA:190,1
DA:194,1
DA:203,2
DA:204,2
LF:62
LH:60
end_of_record
TN:
SF:lib/src/components/filter_selection/filter_selection.dart
FNF:0
FNH:0
DA:9,0
DA:22,0
DA:24,0
DA:26,0
DA:27,0
DA:28,0
DA:30,0
DA:31,0
DA:33,0
DA:40,0
DA:41,0
DA:45,0
DA:46,0
DA:47,0
DA:48,0
DA:56,0
DA:58,0
DA:60,0
DA:61,0
LF:19
LH:0
end_of_record
TN:
SF:lib/src/components/global_header/global_header.dart
FNF:0
FNH:0
DA:10,0
DA:41,0
DA:42,0
DA:44,0
DA:46,0
DA:48,0
DA:49,0
DA:55,0
DA:56,0
DA:60,0
DA:61,0
DA:68,0
DA:70,0
DA:71,0
DA:72,0
DA:73,0
DA:74,0
DA:75,0
DA:77,0
DA:79,0
DA:80,0
DA:82,0
DA:83,0
DA:85,0
DA:88,0
DA:89,0
DA:90,0
DA:91,0
DA:93,0
DA:95,0
DA:96,0
DA:100,0
DA:101,0
DA:102,0
DA:103,0
DA:104,0
DA:106,0
DA:107,0
DA:108,0
DA:113,0
DA:115,0
DA:116,0
DA:119,0
DA:123,0
DA:124,0
DA:125,0
DA:126,0
DA:127,0
DA:128,0
DA:130,0
DA:132,0
DA:133,0
DA:134,0
DA:138,0
DA:140,0
DA:141,0
DA:143,0
DA:145,0
DA:146,0
DA:147,0
DA:159,0
DA:160,0
DA:161,0
DA:162,0
DA:163,0
DA:164,0
DA:165,0
DA:166,0
DA:167,0
DA:168,0
DA:170,0
LF:71
LH:0
end_of_record
TN:
SF:lib/src/components/global_header/header_tab_item.dart
FNF:0
FNH:0
DA:9,0
DA:30,0
DA:31,0
DA:34,0
DA:40,0
DA:41,0
DA:42,0
DA:43,0
DA:44,0
DA:48,0
DA:50,0
DA:52,0
DA:53,0
DA:54,0
DA:59,0
DA:61,0
DA:63,0
DA:65,0
DA:66,0
DA:67,0
DA:69,0
DA:70,0
DA:71,0
DA:72,0
DA:73,0
DA:75,0
DA:77,0
LF:27
LH:0
end_of_record
TN:
SF:lib/src/components/icon/icon.dart
FNF:0
FNH:0
DA:17,219
DA:190,10
DA:192,10
DA:193,20
DA:194,10
DA:195,10
DA:196,10
DA:197,10
DA:198,10
DA:199,10
DA:200,10
DA:201,10
DA:202,10
DA:203,10
DA:204,10
DA:208,1
DA:210,1
DA:212,3
DA:213,3
DA:214,3
DA:215,3
DA:216,3
DA:217,3
DA:218,3
DA:219,3
DA:220,3
DA:221,3
DA:222,3
DA:223,3
DA:229,8
DA:230,8
DA:231,8
DA:233,8
DA:234,8
DA:235,8
DA:240,10
DA:241,20
DA:242,16
LF:38
LH:38
end_of_record
TN:
SF:lib/src/components/in_page_banner/in_page_banner.dart
FNF:0
FNH:0
DA:11,2
DA:44,1
DA:46,1
DA:47,2
DA:48,1
DA:49,1
DA:51,1
DA:53,1
DA:54,1
DA:55,1
DA:56,2
DA:59,1
DA:61,1
DA:63,1
DA:64,1
DA:66,1
DA:67,3
DA:69,5
DA:72,1
DA:73,1
DA:75,1
DA:78,1
DA:79,1
DA:81,1
DA:82,1
DA:83,3
DA:84,1
DA:86,2
DA:87,1
DA:88,1
DA:89,3
DA:90,1
DA:91,1
DA:92,1
DA:93,1
DA:97,1
DA:98,1
DA:99,1
DA:105,2
DA:112,1
DA:114,1
DA:116,3
DA:117,3
DA:118,3
DA:119,3
DA:124,1
DA:126,1
DA:128,1
DA:130,1
DA:132,1
DA:133,1
LF:51
LH:51
end_of_record
TN:
SF:lib/src/components/list_item/dropdown_list_item.dart
FNF:0
FNH:0
DA:10,0
DA:41,0
DA:42,0
DA:43,0
DA:45,0
DA:47,0
DA:48,0
DA:49,0
DA:50,0
DA:51,0
DA:52,0
DA:62,0
DA:64,0
DA:65,0
DA:69,0
DA:70,0
DA:73,0
DA:74,0
DA:76,0
DA:79,0
DA:81,0
DA:82,0
DA:84,0
DA:87,0
DA:89,0
DA:90,0
DA:93,0
DA:94,0
DA:95,0
DA:97,0
DA:98,0
DA:100,0
DA:104,0
DA:106,0
DA:108,0
DA:109,0
DA:111,0
DA:112,0
DA:115,0
DA:116,0
DA:117,0
DA:118,0
DA:119,0
DA:123,0
DA:124,0
DA:125,0
DA:126,0
DA:127,0
DA:128,0
DA:129,0
DA:131,0
DA:132,0
DA:133,0
DA:135,0
DA:137,0
DA:140,0
DA:143,0
DA:146,0
DA:147,0
DA:148,0
DA:149,0
LF:61
LH:0
end_of_record
TN:
SF:lib/src/components/list_item/list_item.dart
FNF:0
FNH:0
DA:13,0
DA:26,0
DA:28,0
DA:29,0
DA:30,0
DA:31,0
DA:32,0
DA:33,0
DA:34,0
DA:40,0
DA:42,0
DA:43,0
DA:52,0
DA:64,0
DA:73,0
DA:78,0
DA:81,0
DA:91,0
DA:97,0
DA:100,0
DA:110,0
DA:115,0
DA:145,0
DA:147,0
DA:149,0
DA:150,0
DA:151,0
DA:152,0
DA:153,0
DA:154,0
DA:157,0
DA:159,0
DA:160,0
DA:162,0
DA:164,0
DA:166,0
DA:167,0
DA:168,0
DA:169,0
DA:170,0
DA:172,0
DA:173,0
DA:174,0
DA:175,0
DA:179,0
DA:184,0
DA:186,0
DA:187,0
DA:188,0
DA:189,0
DA:191,0
DA:197,0
DA:198,0
DA:200,0
DA:201,0
DA:202,0
DA:206,0
DA:207,0
DA:208,0
DA:219,0
DA:220,0
DA:224,0
LF:62
LH:0
end_of_record
TN:
SF:lib/src/components/list_item/list_scope.dart
FNF:0
FNH:0
DA:10,0
DA:24,0
DA:25,0
DA:28,0
DA:30,0
DA:32,0
DA:34,0
DA:36,0
DA:37,0
LF:9
LH:0
end_of_record
TN:
SF:lib/src/components/list_item/notification_list_item.dart
FNF:0
FNH:0
DA:9,0
DA:42,0
DA:43,0
DA:46,0
DA:56,0
DA:57,0
DA:58,0
DA:59,0
DA:60,0
DA:61,0
DA:62,0
DA:66,0
DA:68,0
DA:70,0
DA:71,0
DA:72,0
DA:73,0
DA:78,0
DA:80,0
DA:81,0
DA:82,0
DA:83,0
DA:84,0
DA:85,0
DA:88,0
DA:89,0
DA:92,0
DA:93,0
DA:94,0
DA:95,0
DA:97,0
DA:98,0
DA:100,0
DA:101,0
DA:102,0
DA:103,0
DA:104,0
DA:105,0
DA:108,0
DA:109,0
DA:114,0
DA:115,0
DA:116,0
DA:117,0
DA:118,0
DA:119,0
DA:121,0
DA:123,0
DA:124,0
DA:126,0
DA:130,0
DA:134,0
DA:135,0
DA:138,0
DA:140,0
DA:142,0
DA:147,0
DA:148,0
DA:149,0
DA:151,0
DA:152,0
DA:160,0
DA:161,0
DA:162,0
DA:163,0
DA:164,0
DA:165,0
DA:173,0
DA:181,0
DA:189,0
DA:208,0
DA:210,0
DA:211,0
DA:212,0
DA:214,0
DA:215,0
DA:217,0
DA:218,0
DA:219,0
DA:221,0
DA:223,0
DA:225,0
DA:227,0
DA:232,0
DA:234,0
DA:236,0
DA:237,0
LF:87
LH:0
end_of_record
TN:
SF:lib/src/components/navigation bar/navigation_bar.dart
FNF:0
FNH:0
DA:11,0
DA:30,0
DA:40,0
DA:45,0
DA:52,0
DA:63,0
DA:69,0
DA:79,0
DA:85,0
DA:111,0
DA:112,0
DA:114,0
DA:115,0
DA:116,0
DA:117,0
DA:119,0
DA:121,0
DA:125,0
DA:127,0
DA:131,0
DA:132,0
DA:133,0
DA:134,0
DA:135,0
DA:136,0
DA:137,0
DA:139,0
DA:143,0
DA:144,0
DA:145,0
DA:146,0
DA:147,0
DA:148,0
DA:149,0
DA:153,0
DA:156,0
DA:157,0
DA:159,0
DA:160,0
DA:161,0
DA:165,0
DA:168,0
DA:173,0
DA:174,0
DA:175,0
DA:181,0
DA:183,0
DA:185,0
DA:186,0
DA:187,0
DA:188,0
DA:189,0
DA:194,0
DA:204,0
DA:205,0
DA:207,0
DA:208,0
DA:209,0
DA:212,0
DA:213,0
DA:215,0
DA:224,0
DA:226,0
DA:227,0
DA:229,0
DA:230,0
DA:231,0
DA:233,0
DA:234,0
DA:236,0
DA:238,0
DA:239,0
DA:241,0
DA:242,0
DA:243,0
DA:244,0
DA:246,0
DA:248,0
DA:250,0
DA:255,0
DA:256,0
DA:257,0
DA:258,0
DA:267,0
DA:269,0
DA:271,0
DA:272,0
DA:273,0
LF:88
LH:0
end_of_record
TN:
SF:lib/src/components/navigation_rail/navigation_rail.dart
FNF:0
FNH:0
DA:9,0
DA:58,0
DA:59,0
DA:60,0
DA:62,0
DA:64,0
DA:65,0
DA:66,0
DA:67,0
DA:68,0
DA:69,0
DA:70,0
DA:71,0
DA:76,0
DA:78,0
DA:79,0
DA:80,0
DA:81,0
DA:82,0
DA:83,0
DA:84,0
DA:85,0
DA:86,0
DA:87,0
DA:88,0
DA:89,0
DA:90,0
DA:91,0
DA:92,0
DA:93,0
DA:94,0
DA:95,0
DA:96,0
DA:97,0
DA:98,0
DA:113,0
DA:131,0
DA:133,0
DA:134,0
DA:135,0
DA:136,0
DA:138,0
DA:139,0
DA:140,0
DA:141,0
DA:143,0
DA:144,0
DA:146,0
DA:148,0
DA:153,0
DA:154,0
DA:155,0
DA:160,0
DA:162,0
DA:163,0
DA:164,0
DA:165,0
DA:166,0
DA:167,0
DA:168,0
DA:169,0
DA:170,0
DA:173,0
DA:175,0
DA:176,0
DA:178,0
DA:179,0
DA:180,0
DA:181,0
DA:182,0
DA:183,0
DA:196,0
DA:198,0
DA:200,0
DA:201,0
DA:202,0
DA:203,0
DA:204,0
DA:205,0
DA:212,0
LF:80
LH:0
end_of_record
TN:
SF:lib/src/components/pagination/pagination.dart
FNF:0
FNH:0
DA:23,0
DA:32,0
DA:36,0
DA:59,0
DA:60,0
DA:61,0
DA:63,0
DA:65,0
DA:66,0
DA:67,0
DA:68,0
DA:69,0
DA:77,0
DA:79,0
DA:81,0
DA:82,0
DA:85,0
DA:87,0
DA:88,0
DA:89,0
DA:90,0
DA:95,0
DA:96,0
DA:97,0
DA:99,0
DA:102,0
DA:103,0
DA:105,0
DA:106,0
DA:107,0
DA:111,0
DA:112,0
DA:113,0
DA:114,0
DA:115,0
DA:122,0
DA:124,0
DA:125,0
DA:126,0
DA:127,0
DA:129,0
DA:130,0
DA:131,0
DA:138,0
DA:139,0
DA:140,0
DA:143,0
DA:144,0
DA:148,0
DA:149,0
DA:150,0
DA:151,0
DA:154,0
DA:155,0
DA:157,0
DA:159,0
DA:160,0
DA:164,0
DA:165,0
DA:166,0
DA:172,0
DA:173,0
DA:174,0
DA:176,0
DA:177,0
DA:178,0
DA:179,0
DA:180,0
DA:183,0
DA:185,0
DA:186,0
DA:190,0
DA:192,0
DA:193,0
DA:194,0
DA:196,0
DA:197,0
DA:206,0
DA:208,0
DA:209,0
DA:210,0
DA:211,0
DA:213,0
DA:215,0
DA:217,0
DA:219,0
DA:220,0
DA:222,0
DA:224,0
DA:225,0
DA:227,0
DA:228,0
DA:230,0
DA:231,0
DA:233,0
DA:236,0
DA:238,0
DA:239,0
DA:241,0
DA:245,0
DA:246,0
DA:248,0
DA:257,0
DA:271,0
DA:273,0
DA:274,0
DA:278,0
DA:279,0
DA:280,0
DA:282,0
DA:283,0
DA:284,0
DA:285,0
DA:286,0
DA:287,0
DA:290,0
DA:291,0
DA:292,0
DA:293,0
DA:297,0
DA:303,0
DA:305,0
DA:306,0
DA:307,0
DA:308,0
DA:309,0
DA:310,0
DA:311,0
DA:313,0
DA:314,0
DA:316,0
DA:319,0
DA:329,0
DA:331,0
DA:333,0
DA:334,0
DA:335,0
DA:336,0
DA:337,0
DA:342,26
DA:344,0
LF:141
LH:1
end_of_record
TN:
SF:lib/src/components/password/password_input.dart
FNF:0
FNH:0
DA:10,2
DA:56,1
DA:57,1
DA:59,1
DA:61,1
DA:63,1
DA:64,2
DA:66,3
DA:67,3
DA:68,3
DA:69,3
DA:70,3
DA:71,3
DA:72,3
DA:73,3
DA:74,3
DA:81,1
DA:83,1
DA:84,3
DA:87,1
DA:89,1
DA:91,1
DA:92,2
DA:94,2
DA:95,2
DA:96,2
DA:97,2
DA:98,2
DA:99,2
DA:100,2
DA:101,2
DA:102,2
DA:103,1
DA:104,1
DA:105,2
DA:106,1
DA:107,2
DA:108,2
LF:38
LH:38
end_of_record
TN:
SF:lib/src/components/phone_input/countries.dart
FNF:0
FNH:0
DA:4,26
DA:20,0
DA:22,0
DA:23,0
DA:24,0
DA:25,0
DA:26,0
DA:27,0
DA:33,0
DA:34,0
LF:10
LH:1
end_of_record
TN:
SF:lib/src/components/phone_input/countries_dialog.dart
FNF:0
FNH:0
DA:9,0
DA:43,0
DA:44,0
DA:46,0
DA:48,0
DA:50,0
DA:51,0
DA:52,0
DA:53,0
DA:54,0
DA:59,0
DA:66,0
DA:70,0
DA:72,0
DA:77,0
DA:79,0
DA:80,0
DA:81,0
DA:82,0
DA:84,0
DA:85,0
DA:87,0
DA:88,0
DA:89,0
DA:91,0
DA:93,0
DA:100,0
DA:110,0
DA:111,0
DA:113,0
DA:115,0
DA:117,0
DA:118,0
DA:126,0
DA:128,0
DA:129,0
DA:132,0
DA:134,0
DA:135,0
DA:136,0
DA:137,0
DA:138,0
DA:142,0
DA:144,0
DA:146,0
DA:147,0
DA:149,0
DA:151,0
DA:153,0
DA:154,0
DA:155,0
DA:157,0
DA:158,0
DA:159,0
DA:164,0
DA:165,0
DA:166,0
DA:169,0
DA:170,0
DA:172,0
DA:173,0
DA:183,0
DA:185,0
DA:186,0
DA:187,0
DA:188,0
DA:190,0
DA:194,0
DA:204,0
LF:69
LH:0
end_of_record
TN:
SF:lib/src/components/phone_input/phone_input.dart
FNF:0
FNH:0
DA:12,0
DA:65,0
DA:66,0
DA:67,0
DA:69,0
DA:71,0
DA:72,0
DA:73,0
DA:74,0
DA:75,0
DA:76,0
DA:77,0
DA:78,0
DA:79,0
DA:80,0
DA:81,0
DA:82,0
DA:92,0
DA:94,0
DA:95,0
DA:96,0
DA:97,0
DA:98,0
DA:99,0
DA:100,0
DA:101,0
DA:105,0
DA:106,0
DA:107,0
DA:109,0
DA:110,0
DA:111,0
DA:114,0
DA:116,0
DA:117,0
DA:120,0
DA:121,0
DA:122,0
DA:123,0
DA:125,0
DA:126,0
DA:127,0
DA:128,0
DA:129,0
DA:130,0
DA:135,0
DA:137,0
DA:138,0
DA:139,0
DA:140,0
DA:142,0
DA:143,0
DA:144,0
DA:146,0
DA:148,0
DA:149,0
DA:150,0
DA:152,0
DA:153,0
DA:154,0
DA:155,0
DA:159,0
DA:161,0
DA:162,0
DA:163,0
DA:166,0
DA:167,0
DA:168,0
DA:175,0
DA:176,0
DA:177,0
DA:178,0
DA:181,0
DA:183,0
DA:184,0
DA:185,0
DA:186,0
DA:188,0
DA:189,0
DA:193,0
DA:194,0
DA:201,0
DA:203,0
DA:208,0
DA:209,0
DA:210,0
DA:212,0
DA:213,0
DA:214,0
DA:216,0
DA:218,0
DA:219,0
DA:225,0
DA:226,0
DA:230,0
DA:231,0
DA:233,0
DA:234,0
DA:235,0
DA:237,0
DA:238,0
DA:239,0
DA:241,0
DA:248,0
DA:249,0
DA:251,0
DA:253,0
DA:254,0
DA:256,0
DA:257,0
DA:258,0
DA:259,0
DA:270,0
DA:271,0
DA:272,0
DA:273,0
DA:274,0
DA:275,0
DA:276,0
DA:277,0
DA:278,0
DA:279,0
DA:280,0
DA:281,0
DA:282,0
DA:283,0
DA:290,0
DA:291,0
DA:293,0
DA:294,0
DA:295,0
DA:297,0
DA:298,0
DA:303,0
DA:304,0
DA:305,0
DA:306,0
DA:318,0
DA:322,0
DA:329,0
DA:332,0
DA:336,0
DA:343,0
DA:346,0
DA:350,0
DA:357,0
LF:146
LH:0
end_of_record
TN:
SF:lib/src/components/progress/progress.dart
FNF:0
FNH:0
DA:9,0
DA:17,0
DA:19,0
DA:20,0
DA:37,0
DA:39,0
DA:40,0
DA:41,0
DA:45,0
DA:46,0
DA:47,0
DA:48,0
DA:49,0
DA:50,0
DA:51,0
DA:56,0
DA:58,0
DA:59,0
DA:63,0
DA:66,0
DA:67,0
DA:68,0
DA:70,0
DA:71,0
DA:75,0
DA:77,0
DA:78,0
DA:79,0
DA:83,0
DA:85,0
DA:87,0
DA:88,0
DA:89,0
LF:33
LH:0
end_of_record
TN:
SF:lib/src/components/progress/progress_bar.dart
FNF:0
FNH:0
DA:23,0
DA:33,0
DA:42,0
DA:51,0
DA:75,0
DA:76,0
DA:78,0
DA:80,0
DA:82,0
DA:83,0
DA:84,0
DA:85,0
DA:90,0
DA:92,0
DA:93,0
DA:95,0
DA:96,0
DA:97,0
DA:98,0
DA:99,0
DA:100,0
DA:103,0
DA:104,0
DA:107,0
DA:108,0
DA:109,0
DA:111,0
DA:112,0
DA:113,0
DA:114,0
DA:116,0
DA:120,0
DA:128,0
DA:130,0
DA:131,0
DA:133,0
DA:135,0
DA:136,0
DA:137,0
DA:138,0
DA:139,0
DA:146,0
LF:42
LH:0
end_of_record
TN:
SF:lib/src/components/progress/progress_circle.dart
FNF:0
FNH:0
DA:29,0
DA:43,0
DA:44,0
DA:46,0
DA:48,0
DA:50,0
DA:51,0
DA:52,0
DA:53,0
DA:61,0
DA:63,0
DA:64,0
DA:65,0
DA:66,0
DA:71,0
DA:73,0
DA:74,0
DA:77,0
DA:79,0
DA:80,0
DA:81,0
DA:83,0
DA:85,0
DA:88,0
DA:89,0
DA:90,0
DA:91,0
DA:92,0
DA:93,0
DA:94,0
DA:95,0
DA:96,0
DA:97,0
DA:98,0
DA:100,0
DA:101,0
DA:103,0
DA:104,0
DA:105,0
DA:106,0
DA:107,0
DA:108,0
DA:109,0
DA:110,0
DA:113,0
DA:114,0
DA:116,0
DA:117,0
DA:119,0
DA:121,0
DA:122,0
DA:123,0
DA:127,0
DA:130,0
DA:146,0
DA:147,0
DA:148,0
DA:150,0
DA:152,0
DA:154,0
DA:156,0
DA:161,0
DA:163,0
DA:165,0
DA:166,0
DA:167,0
DA:174,0
DA:189,0
DA:191,0
DA:192,0
DA:196,0
DA:197,0
DA:198,0
DA:199,0
DA:201,0
DA:205,0
LF:76
LH:0
end_of_record
TN:
SF:lib/src/components/radio/radio.dart
FNF:0
FNH:0
DA:11,0
DA:34,0
DA:36,0
DA:37,0
DA:39,0
DA:41,0
DA:43,0
DA:44,0
DA:45,0
DA:52,0
DA:54,0
DA:55,0
DA:57,0
DA:58,0
DA:59,0
DA:61,0
DA:62,0
DA:64,0
DA:66,0
DA:67,0
DA:69,0
DA:70,0
DA:71,0
DA:72,0
DA:74,0
DA:75,0
DA:77,0
DA:78,0
DA:79,0
DA:80,0
DA:81,0
DA:82,0
DA:83,0
DA:84,0
DA:85,0
DA:86,0
DA:87,0
DA:88,0
DA:89,0
DA:90,0
DA:91,0
DA:92,0
DA:93,0
DA:94,0
DA:95,0
DA:96,0
DA:97,0
DA:98,0
DA:99,0
DA:100,0
DA:101,0
DA:102,0
DA:103,0
DA:106,0
DA:107,0
DA:108,0
DA:110,0
DA:113,0
DA:114,0
DA:125,0
DA:127,0
DA:131,0
DA:135,0
DA:136,0
DA:138,0
DA:141,0
DA:142,0
DA:144,0
DA:146,0
DA:147,0
DA:148,0
DA:152,0
DA:154,0
DA:155,0
DA:163,0
DA:167,0
DA:169,0
DA:170,0
DA:173,0
DA:174,0
DA:175,0
DA:176,0
DA:177,0
DA:181,0
DA:182,0
DA:183,0
DA:184,0
DA:185,0
DA:186,0
DA:187,0
DA:188,0
DA:191,0
DA:192,0
DA:193,0
LF:94
LH:0
end_of_record
TN:
SF:lib/src/components/screen_header_bar/screen_header_bar.dart
FNF:0
FNH:0
DA:8,0
DA:25,0
DA:27,0
DA:28,0
DA:30,0
DA:31,0
DA:32,0
DA:35,0
DA:37,0
DA:39,0
DA:40,0
DA:41,0
DA:42,0
DA:49,0
DA:51,0
DA:53,0
DA:54,0
DA:55,0
LF:18
LH:0
end_of_record
TN:
SF:lib/src/components/search_bar/search_bar.dart
FNF:0
FNH:0
DA:8,2
DA:66,1
DA:67,1
DA:69,1
DA:71,1
DA:73,3
DA:74,3
DA:75,3
DA:76,3
DA:77,3
DA:78,3
DA:79,3
DA:80,3
DA:81,3
DA:82,3
DA:83,3
DA:84,3
DA:93,1
DA:95,1
DA:96,4
DA:97,3
DA:98,3
DA:101,1
DA:103,1
DA:104,3
DA:105,3
DA:106,4
DA:107,4
DA:111,1
DA:113,2
DA:114,1
DA:117,1
DA:119,1
DA:120,2
DA:122,1
DA:123,3
DA:124,1
DA:125,2
DA:126,2
DA:127,1
DA:129,2
DA:130,2
DA:131,6
DA:133,1
DA:135,1
DA:137,2
DA:139,2
DA:140,1
DA:141,7
DA:143,2
DA:144,1
DA:146,1
DA:148,8
DA:157,1
DA:158,1
DA:160,1
DA:161,6
DA:162,1
DA:168,1
DA:169,3
DA:170,3
DA:172,1
DA:174,3
DA:178,2
DA:179,1
DA:181,1
DA:182,3
DA:188,1
DA:190,2
DA:191,1
DA:197,2
DA:199,1
DA:200,3
DA:202,4
DA:203,2
DA:206,1
DA:220,2
DA:221,5
DA:222,2
DA:223,2
DA:224,2
DA:230,1
DA:231,1
DA:232,1
DA:233,1
DA:236,1
DA:237,1
DA:238,1
DA:239,1
DA:242,1
DA:246,1
DA:247,1
DA:248,4
DA:251,1
DA:255,1
DA:256,1
DA:257,4
DA:260,1
DA:261,1
DA:262,1
LF:100
LH:100
end_of_record
TN:
SF:lib/src/components/segmented_control/segmented_control.dart
FNF:0
FNH:0
DA:11,0
DA:28,0
DA:29,0
DA:31,0
DA:33,0
DA:35,0
DA:36,0
DA:38,0
DA:39,0
DA:40,0
DA:63,0
DA:65,0
DA:67,0
DA:70,0
DA:72,0
DA:74,0
DA:75,0
DA:76,0
DA:83,0
DA:84,0
DA:88,0
DA:90,0
DA:91,0
DA:93,0
DA:96,0
DA:98,0
DA:101,0
DA:102,0
DA:105,0
DA:106,0
DA:109,0
DA:110,0
DA:111,0
DA:112,0
DA:113,0
DA:117,0
DA:120,0
DA:121,0
DA:123,0
DA:125,0
DA:127,0
DA:128,0
DA:130,0
DA:131,0
DA:134,0
DA:135,0
DA:136,0
DA:137,0
DA:139,0
DA:140,0
DA:157,0
DA:172,0
DA:176,0
DA:181,0
DA:182,0
DA:184,0
DA:186,0
DA:187,0
DA:192,0
DA:194,0
DA:196,0
DA:198,0
DA:200,0
DA:201,0
DA:202,0
DA:204,0
DA:205,0
DA:206,0
DA:208,0
DA:209,0
DA:210,0
DA:212,0
DA:217,0
DA:229,0
DA:245,0
DA:247,0
DA:248,0
DA:249,0
DA:250,0
DA:251,0
DA:255,0
DA:257,0
DA:259,0
DA:260,0
DA:261,0
DA:262,0
DA:263,0
DA:266,0
DA:272,0
DA:273,0
DA:283,0
DA:305,0
DA:307,0
DA:308,0
DA:311,0
DA:313,0
DA:316,0
DA:318,0
DA:319,0
DA:322,0
DA:324,0
DA:327,0
DA:328,0
DA:329,0
DA:334,0
DA:336,0
DA:337,0
DA:340,0
DA:341,0
DA:342,0
DA:344,0
DA:347,0
DA:349,0
DA:352,0
DA:353,0
DA:354,0
DA:359,0
DA:361,0
DA:362,0
DA:365,0
DA:366,0
DA:367,0
DA:369,0
DA:372,0
DA:374,0
DA:376,0
DA:377,0
DA:378,0
DA:379,0
DA:380,0
DA:381,0
DA:382,0
DA:385,0
DA:387,0
DA:388,0
DA:391,0
DA:393,0
DA:396,0
DA:397,0
DA:398,0
DA:399,0
DA:401,0
DA:402,0
DA:406,0
DA:411,0
DA:413,0
DA:415,0
DA:416,0
DA:419,0
DA:422,0
DA:425,0
DA:426,0
DA:430,0
DA:431,0
DA:434,0
DA:435,0
DA:436,0
DA:439,0
DA:440,0
DA:441,0
DA:445,0
DA:448,0
DA:449,0
DA:450,0
DA:451,0
DA:452,0
DA:453,0
DA:456,0
DA:458,0
DA:461,0
DA:462,0
DA:466,0
DA:468,0
DA:469,0
DA:470,0
DA:471,0
DA:473,0
DA:477,0
DA:478,0
DA:482,0
DA:483,0
DA:484,0
DA:485,0
DA:487,0
DA:488,0
DA:491,0
DA:494,0
DA:496,0
DA:497,0
DA:501,0
DA:503,0
DA:504,0
DA:508,0
DA:509,0
DA:512,0
DA:514,0
DA:515,0
DA:518,0
DA:519,0
DA:522,0
DA:524,0
DA:525,0
DA:526,0
DA:536,0
DA:541,0
DA:542,0
DA:544,0
DA:548,0
DA:549,0
DA:550,0
DA:551,0
DA:552,0
DA:556,0
DA:557,0
DA:558,0
DA:560,0
DA:562,0
DA:563,0
DA:565,0
DA:567,0
DA:569,0
DA:571,0
DA:572,0
DA:573,0
DA:575,0
DA:578,0
DA:582,0
DA:583,0
DA:584,0
DA:585,0
DA:586,0
DA:591,0
DA:597,0
DA:598,0
DA:601,0
DA:603,0
DA:604,0
DA:607,0
DA:608,0
DA:609,0
DA:610,0
DA:613,0
DA:615,0
LF:243
LH:0
end_of_record
TN:
SF:lib/src/components/select_input/select_input.dart
FNF:0
FNH:0
DA:13,0
DA:61,0
DA:62,0
DA:63,0
DA:65,0
DA:67,0
DA:68,0
DA:69,0
DA:70,0
DA:71,0
DA:72,0
DA:73,0
DA:74,0
DA:75,0
DA:85,0
DA:87,0
DA:89,0
DA:90,0
DA:92,0
DA:93,0
DA:96,0
DA:98,0
DA:99,0
DA:101,0
DA:104,0
DA:105,0
DA:106,0
DA:109,0
DA:110,0
DA:111,0
DA:112,0
DA:114,0
DA:117,0
DA:118,0
DA:119,0
DA:122,0
DA:123,0
DA:124,0
DA:125,0
DA:127,0
DA:130,0
DA:132,0
DA:135,0
DA:136,0
DA:137,0
DA:138,0
DA:140,0
DA:142,0
DA:145,0
DA:146,0
DA:147,0
DA:149,0
DA:150,0
DA:151,0
DA:153,0
DA:154,0
DA:155,0
DA:156,0
DA:157,0
DA:158,0
DA:159,0
DA:160,0
DA:162,0
DA:163,0
DA:165,0
DA:170,0
DA:171,0
DA:172,0
DA:173,0
DA:174,0
DA:175,0
DA:176,0
DA:177,0
DA:178,0
DA:179,0
DA:180,0
DA:181,0
LF:77
LH:0
end_of_record
TN:
SF:lib/src/components/slider/slider.dart
FNF:0
FNH:0
DA:10,0
DA:30,0
DA:31,0
DA:32,0
DA:34,0
DA:36,0
DA:37,0
DA:38,0
DA:39,0
DA:46,0
DA:48,0
DA:50,0
DA:51,0
DA:55,0
DA:56,0
DA:59,0
DA:62,0
DA:63,0
DA:66,0
DA:67,0
DA:68,0
DA:69,0
DA:71,0
DA:72,0
DA:75,0
DA:76,0
DA:77,0
DA:78,0
DA:79,0
DA:80,0
DA:81,0
DA:84,0
DA:85,0
DA:86,0
DA:93,0
DA:94,0
DA:95,0
DA:96,0
DA:98,0
DA:105,0
DA:116,0
DA:118,0
DA:122,0
DA:137,0
DA:139,0
DA:140,0
DA:141,0
DA:144,0
DA:145,0
DA:146,0
LF:50
LH:0
end_of_record
TN:
SF:lib/src/components/snack_bar/snack_bar.dart
FNF:0
FNH:0
DA:38,0
DA:82,0
DA:85,0
DA:86,0
DA:89,0
DA:93,0
DA:94,0
DA:95,0
DA:97,0
DA:99,0
DA:100,0
DA:101,0
DA:102,0
DA:103,0
DA:104,0
DA:105,0
DA:107,0
DA:113,0
DA:127,0
DA:131,0
DA:134,0
DA:135,0
DA:136,0
DA:137,0
DA:138,0
DA:139,0
DA:145,0
DA:150,0
DA:152,0
DA:154,0
DA:155,0
DA:158,0
DA:163,0
DA:164,0
DA:165,0
DA:166,0
DA:167,0
DA:168,0
DA:169,0
DA:170,0
DA:174,0
DA:176,0
DA:178,0
DA:179,0
DA:180,0
DA:182,0
DA:188,0
DA:204,0
DA:206,0
DA:208,0
DA:209,0
DA:210,0
DA:211,0
DA:212,0
DA:213,0
DA:216,0
DA:218,0
DA:220,0
DA:222,0
DA:223,0
DA:224,0
DA:225,0
DA:229,0
DA:230,0
DA:232,0
DA:235,0
DA:236,0
DA:237,0
DA:238,0
DA:239,0
DA:241,0
DA:242,0
DA:244,0
DA:246,0
DA:247,0
DA:248,0
DA:249,0
DA:250,0
DA:251,0
DA:252,0
DA:254,0
DA:255,0
DA:257,0
DA:259,0
DA:260,0
DA:262,0
DA:264,0
DA:265,0
DA:267,0
DA:270,0
DA:276,0
DA:284,0
DA:286,0
DA:288,0
DA:289,0
DA:292,0
DA:294,0
DA:296,0
DA:297,0
DA:302,0
DA:303,0
DA:310,0
DA:320,0
DA:322,0
DA:324,0
DA:325,0
DA:326,0
DA:329,0
DA:331,0
DA:333,0
DA:334,0
DA:343,0
DA:344,0
DA:345,0
DA:346,0
DA:347,0
DA:357,0
DA:362,0
DA:364,0
DA:365,0
DA:368,0
DA:370,0
DA:371,0
DA:372,0
DA:373,0
DA:374,0
DA:375,0
DA:379,0
DA:381,0
DA:382,0
DA:383,0
DA:384,0
DA:385,0
DA:386,0
DA:391,0
DA:393,0
DA:395,0
DA:396,0
DA:397,0
DA:398,0
DA:399,0
DA:401,0
LF:142
LH:0
end_of_record
TN:
SF:lib/src/components/stepper/stepper.dart
FNF:0
FNH:0
DA:15,0
DA:42,0
DA:43,0
DA:45,0
DA:47,0
DA:49,0
DA:50,0
DA:51,0
DA:52,0
DA:53,0
DA:55,0
DA:58,0
DA:65,0
DA:67,0
DA:68,0
DA:69,0
DA:70,0
DA:74,0
DA:76,0
DA:77,0
DA:80,0
DA:81,0
DA:84,0
DA:85,0
DA:88,0
DA:89,0
DA:91,0
DA:94,0
DA:97,0
DA:98,0
DA:101,0
DA:102,0
DA:103,0
DA:105,0
DA:107,0
DA:108,0
DA:109,0
DA:110,0
DA:119,0
DA:120,0
DA:123,0
DA:126,0
DA:127,0
DA:128,0
DA:130,0
DA:131,0
DA:132,0
DA:134,0
DA:136,0
DA:137,0
DA:138,0
DA:139,0
DA:148,0
DA:149,0
DA:152,0
DA:153,0
DA:154,0
DA:155,0
DA:156,0
DA:158,0
DA:159,0
DA:165,0
DA:171,0
DA:172,0
DA:174,0
DA:175,0
DA:176,0
DA:178,0
DA:179,0
DA:180,0
DA:181,0
DA:182,0
DA:186,0
DA:188,0
DA:189,0
DA:190,0
DA:191,0
DA:197,0
DA:198,0
DA:200,0
DA:203,0
DA:205,0
DA:206,0
DA:207,0
DA:214,0
DA:215,0
DA:216,0
DA:217,0
DA:219,0
DA:220,0
DA:226,0
DA:237,0
DA:238,0
DA:239,0
DA:240,0
DA:241,0
DA:242,0
DA:246,0
DA:253,0
DA:255,0
DA:256,0
DA:257,0
DA:261,0
DA:263,0
DA:264,0
DA:265,0
DA:266,0
DA:267,0
DA:268,0
DA:269,0
DA:271,0
DA:272,0
DA:273,0
DA:276,0
DA:277,0
DA:278,0
DA:280,0
DA:285,0
DA:286,0
DA:287,0
DA:288,0
DA:289,0
DA:290,0
DA:291,0
DA:292,0
DA:293,0
DA:294,0
DA:295,0
DA:299,0
DA:302,0
DA:306,0
DA:307,0
DA:308,0
DA:309,0
DA:316,0
DA:318,0
DA:319,0
DA:320,0
DA:321,0
DA:329,0
DA:330,0
DA:331,0
DA:332,0
DA:334,0
DA:335,0
DA:340,0
DA:341,0
DA:342,0
DA:344,0
DA:346,0
DA:352,0
DA:353,0
DA:356,0
DA:376,0
LF:154
LH:0
end_of_record
TN:
SF:lib/src/components/stepper_input/stepper_input.dart
FNF:0
FNH:0
DA:19,0
DA:28,0
DA:51,0
DA:52,0
DA:53,0
DA:55,0
DA:57,0
DA:58,0
DA:59,0
DA:60,0
DA:61,0
DA:62,0
DA:69,0
DA:71,0
DA:73,0
DA:74,0
DA:75,0
DA:77,0
DA:80,0
DA:82,0
DA:83,0
DA:86,0
DA:87,0
DA:89,0
DA:90,0
DA:91,0
DA:93,0
DA:97,0
DA:98,0
DA:105,0
DA:106,0
DA:108,0
DA:109,0
DA:111,0
DA:112,0
DA:114,0
DA:118,0
DA:119,0
DA:120,0
DA:121,0
DA:123,0
DA:124,0
DA:128,0
DA:129,0
DA:132,0
DA:133,0
DA:134,0
DA:139,0
DA:141,0
DA:142,0
DA:143,0
DA:145,0
DA:147,0
DA:148,0
DA:149,0
DA:151,0
DA:153,0
DA:154,0
DA:155,0
DA:157,0
DA:158,0
DA:159,0
DA:161,0
DA:162,0
DA:163,0
DA:166,0
DA:168,0
DA:170,0
DA:171,0
DA:172,0
DA:173,0
DA:174,0
DA:178,0
DA:179,0
LF:74
LH:0
end_of_record
TN:
SF:lib/src/components/switch/material_switch.dart
FNF:0
FNH:0
DA:23,0
DA:56,0
DA:57,0
DA:89,0
DA:90,0
DA:91,0
DA:93,0
DA:95,0
DA:96,0
DA:97,0
DA:98,0
DA:99,0
DA:100,0
DA:101,0
DA:102,0
DA:103,0
DA:104,0
DA:105,0
DA:106,0
DA:107,0
DA:108,0
DA:109,0
DA:110,0
DA:111,0
DA:112,0
DA:113,0
DA:114,0
DA:115,0
DA:116,0
DA:117,0
DA:118,0
DA:119,0
DA:120,0
DA:121,0
DA:122,0
DA:133,0
DA:135,0
DA:136,0
DA:137,0
DA:140,0
DA:142,0
DA:143,0
DA:146,0
DA:147,0
DA:149,0
DA:153,0
DA:155,0
DA:156,0
DA:159,0
DA:160,0
DA:162,0
DA:165,0
DA:166,0
DA:168,0
DA:169,0
DA:170,0
DA:171,0
DA:172,0
DA:174,0
DA:175,0
DA:176,0
DA:180,0
DA:181,0
DA:182,0
DA:183,0
DA:185,0
DA:186,0
DA:188,0
DA:192,0
DA:193,0
DA:194,0
DA:195,0
DA:197,0
DA:201,0
DA:202,0
DA:205,0
DA:206,0
DA:207,0
DA:211,0
DA:212,0
DA:213,0
DA:214,0
DA:215,0
DA:216,0
DA:217,0
DA:218,0
DA:219,0
DA:220,0
DA:221,0
DA:228,0
DA:229,0
DA:230,0
DA:233,0
DA:234,0
DA:237,0
DA:239,0
DA:242,0
DA:243,0
DA:244,0
DA:245,0
DA:248,0
DA:250,0
DA:252,0
DA:253,0
DA:254,0
DA:257,0
DA:258,0
DA:259,0
DA:261,0
DA:265,0
DA:266,0
DA:268,0
DA:269,0
DA:270,0
DA:271,0
DA:272,0
DA:273,0
DA:274,0
DA:275,0
DA:276,0
DA:277,0
DA:278,0
DA:279,0
DA:280,0
DA:281,0
DA:282,0
DA:283,0
DA:284,0
DA:285,0
DA:286,0
DA:288,0
DA:289,0
DA:290,0
DA:291,0
DA:292,0
DA:293,0
DA:294,0
DA:295,0
DA:296,0
DA:297,0
DA:300,0
DA:302,0
DA:304,0
DA:305,0
DA:307,0
DA:308,0
DA:309,0
DA:310,0
DA:311,0
DA:313,0
DA:314,0
DA:315,0
DA:316,0
DA:317,0
DA:319,0
DA:320,0
DA:321,0
DA:322,0
DA:323,0
DA:324,0
DA:325,0
DA:326,0
DA:327,0
DA:329,0
DA:330,0
DA:331,0
DA:332,0
DA:333,0
DA:334,0
DA:335,0
DA:336,0
DA:337,0
DA:340,0
DA:341,0
DA:342,0
DA:343,0
DA:347,0
DA:348,0
DA:349,0
DA:350,0
DA:351,0
DA:353,0
DA:354,0
DA:355,0
DA:357,0
DA:358,0
DA:359,0
DA:360,0
DA:361,0
DA:363,0
DA:364,0
DA:365,0
DA:366,0
DA:367,0
DA:368,0
DA:369,0
DA:370,0
DA:371,0
DA:372,0
DA:373,0
DA:374,0
DA:375,0
DA:376,0
DA:377,0
DA:378,0
DA:380,0
DA:381,0
DA:382,0
DA:383,0
DA:384,0
DA:385,0
DA:386,0
DA:387,0
DA:388,0
DA:389,0
DA:390,0
DA:391,0
DA:392,0
DA:393,0
DA:394,0
DA:395,0
DA:396,0
DA:397,0
DA:398,0
DA:399,0
DA:400,0
DA:401,0
DA:402,0
DA:403,0
DA:404,0
DA:405,0
DA:406,0
DA:407,0
DA:408,0
DA:409,0
DA:410,0
DA:411,0
DA:412,0
DA:414,0
DA:422,0
DA:424,0
DA:425,0
DA:426,0
DA:429,0
DA:430,0
DA:433,0
DA:435,0
DA:436,0
DA:439,0
DA:440,0
DA:443,0
DA:445,0
DA:446,0
DA:449,0
DA:450,0
DA:453,0
DA:455,0
DA:456,0
DA:459,0
DA:460,0
DA:463,0
DA:465,0
DA:466,0
DA:469,0
DA:470,0
DA:473,0
DA:475,0
DA:476,0
DA:479,0
DA:480,0
DA:483,0
DA:485,0
DA:486,0
DA:487,0
DA:490,0
DA:491,0
DA:494,0
DA:496,0
DA:497,0
DA:498,0
DA:501,0
DA:502,0
DA:505,0
DA:507,0
DA:508,0
DA:511,0
DA:512,0
DA:515,0
DA:517,0
DA:518,0
DA:521,0
DA:522,0
DA:525,0
DA:527,0
DA:528,0
DA:531,0
DA:532,0
DA:535,0
DA:537,0
DA:538,0
DA:541,0
DA:542,0
DA:545,0
DA:547,0
DA:548,0
DA:551,0
DA:552,0
DA:555,0
DA:557,0
DA:558,0
DA:561,0
DA:562,0
DA:565,0
DA:567,0
DA:568,0
DA:571,0
DA:572,0
DA:575,0
DA:577,0
DA:578,0
DA:581,0
DA:582,0
DA:585,0
DA:587,0
DA:588,0
DA:591,0
DA:592,0
DA:595,0
DA:597,0
DA:598,0
DA:601,0
DA:602,0
DA:605,0
DA:607,0
DA:608,0
DA:611,0
DA:612,0
DA:615,0
DA:617,0
DA:618,0
DA:621,0
DA:622,0
DA:625,0
DA:627,0
DA:628,0
DA:631,0
DA:632,0
DA:635,0
DA:637,0
DA:638,0
DA:641,0
DA:642,0
DA:645,0
DA:647,0
DA:648,0
DA:651,0
DA:652,0
DA:655,0
DA:657,0
DA:658,0
DA:661,0
DA:662,0
DA:665,0
DA:667,0
DA:668,0
DA:671,0
DA:672,0
DA:675,0
DA:677,0
DA:678,0
DA:681,0
DA:682,0
DA:685,0
DA:687,0
DA:688,0
DA:691,0
DA:692,0
DA:695,0
DA:697,0
DA:698,0
DA:701,0
DA:702,0
DA:705,0
DA:707,0
DA:708,0
DA:711,0
DA:712,0
DA:715,0
DA:717,0
DA:718,0
DA:721,0
DA:722,0
DA:733,0
DA:734,0
DA:736,0
DA:743,0
DA:748,0
DA:749,0
DA:756,0
DA:758,0
DA:761,0
DA:762,0
DA:763,0
DA:764,0
DA:767,0
DA:768,0
DA:770,0
DA:773,0
DA:774,0
DA:778,0
DA:781,0
DA:782,0
DA:785,0
DA:786,0
DA:787,0
DA:789,0
DA:790,0
DA:792,0
DA:793,0
DA:794,0
DA:795,0
DA:796,0
DA:797,0
DA:799,0
DA:805,0
DA:807,0
DA:809,0
DA:812,0
DA:814,0
DA:816,0
DA:817,0
DA:818,0
DA:820,0
DA:821,0
DA:822,0
DA:836,0
DA:837,0
DA:838,0
DA:840,0
DA:845,0
DA:847,0
DA:848,0
DA:850,0
DA:852,0
DA:853,0
DA:854,0
DA:857,0
DA:864,0
DA:865,0
DA:866,0
DA:867,0
DA:868,0
DA:870,0
DA:871,0
DA:873,0
DA:876,0
DA:880,0
DA:881,0
DA:882,0
DA:883,0
DA:884,0
DA:886,0
DA:888,0
DA:891,0
DA:892,0
DA:893,0
DA:894,0
DA:896,0
DA:900,0
DA:912,0
DA:913,0
DA:914,0
DA:915,0
DA:916,0
DA:917,0
DA:918,0
DA:919,0
DA:920,0
DA:921,0
DA:922,0
DA:924,0
DA:927,0
DA:930,0
DA:931,0
DA:932,0
DA:933,0
DA:934,0
DA:935,0
DA:936,0
DA:937,0
DA:938,0
DA:940,0
DA:941,0
DA:942,0
DA:943,0
DA:944,0
DA:945,0
DA:946,0
DA:947,0
DA:952,0
DA:953,0
DA:957,0
DA:958,0
DA:959,0
DA:960,0
DA:961,0
DA:962,0
DA:963,0
DA:965,0
DA:968,0
DA:972,0
DA:974,0
DA:975,0
DA:976,0
DA:977,0
DA:978,0
DA:979,0
DA:980,0
DA:1002,0
DA:1009,0
DA:1011,0
DA:1012,0
DA:1013,0
DA:1014,0
DA:1016,0
DA:1018,0
DA:1019,0
DA:1020,0
DA:1022,0
DA:1023,0
DA:1025,0
DA:1026,0
DA:1028,0
DA:1030,0
DA:1031,0
DA:1033,0
DA:1034,0
DA:1036,0
DA:1037,0
DA:1039,0
DA:1043,0
DA:1045,0
DA:1046,0
DA:1047,0
DA:1048,0
DA:1050,0
DA:1052,0
DA:1053,0
DA:1054,0
DA:1056,0
DA:1057,0
DA:1059,0
DA:1060,0
DA:1062,0
DA:1064,0
DA:1065,0
DA:1067,0
DA:1068,0
DA:1070,0
DA:1071,0
DA:1073,0
DA:1077,0
DA:1079,0
DA:1080,0
DA:1083,0
DA:1084,0
DA:1086,0
DA:1090,0
DA:1092,0
DA:1093,0
DA:1094,0
DA:1095,0
DA:1097,0
DA:1098,0
DA:1100,0
DA:1101,0
DA:1105,0
DA:1106,0
DA:1108,0
DA:1109,0
DA:1111,0
DA:1112,0
DA:1118,0
DA:1120,0
DA:1121,0
DA:1125,0
DA:1130,0
DA:1131,0
DA:1132,0
DA:1134,0
DA:1136,0
DA:1137,0
DA:1144,0
DA:1151,0
DA:1152,0
DA:1156,0
DA:1157,0
DA:1161,0
DA:1162,0
DA:1164,0
DA:1165,0
DA:1167,0
DA:1170,0
DA:1171,0
DA:1173,0
DA:1174,0
DA:1176,0
DA:1177,0
DA:1181,0
DA:1182,0
DA:1186,0
DA:1187,0
DA:1190,0
DA:1194,0
LF:614
LH:0
end_of_record
TN:
SF:lib/src/components/switch/zeta_switch.dart
FNF:0
FNH:0
DA:33,0
DA:53,0
DA:55,0
DA:57,0
DA:58,0
DA:59,0
DA:62,0
DA:63,0
DA:65,0
DA:66,0
DA:67,0
DA:72,0
DA:73,0
DA:74,0
DA:75,0
DA:80,0
DA:82,0
DA:84,0
DA:85,0
DA:88,0
DA:89,0
DA:90,0
DA:92,0
DA:95,0
DA:96,0
DA:98,0
DA:99,0
DA:100,0
LF:28
LH:0
end_of_record
TN:
SF:lib/src/components/tabs/tab.dart
FNF:0
FNH:0
DA:7,0
DA:11,0
DA:12,0
DA:15,0
DA:16,0
DA:21,0
DA:23,0
DA:25,0
LF:8
LH:0
end_of_record
TN:
SF:lib/src/components/tabs/tab_bar.dart
FNF:0
FNH:0
DA:7,0
DA:18,0
DA:21,0
DA:22,0
DA:23,0
DA:29,0
DA:30,0
DA:32,0
DA:33,0
LF:9
LH:0
end_of_record
TN:
SF:lib/src/components/text_input/text_input.dart
FNF:0
FNH:0
DA:17,1
DA:40,1
DA:41,1
DA:42,1
DA:111,1
DA:112,1
DA:113,0
DA:115,0
DA:117,0
DA:118,0
DA:119,0
DA:120,0
DA:121,0
DA:122,0
DA:123,0
DA:124,0
DA:125,0
DA:126,0
DA:127,0
DA:128,0
DA:129,0
DA:130,0
DA:131,0
DA:132,0
DA:133,0
DA:134,0
DA:135,0
DA:143,4
DA:150,1
DA:151,2
DA:152,0
DA:154,1
DA:155,3
DA:157,2
DA:160,1
DA:162,3
DA:168,1
DA:169,2
DA:170,1
DA:172,0
DA:173,0
DA:178,0
DA:179,0
DA:180,0
DA:181,0
DA:183,0
DA:186,1
DA:188,2
DA:189,1
DA:191,0
DA:193,0
DA:196,1
DA:201,1
DA:202,2
DA:203,2
DA:204,0
DA:205,0
DA:207,0
DA:208,0
DA:211,0
DA:217,1
DA:218,4
DA:219,0
DA:220,0
DA:221,0
DA:223,0
DA:224,0
DA:227,0
DA:233,2
DA:235,4
DA:238,3
DA:239,4
DA:242,3
DA:243,3
DA:246,1
DA:248,4
DA:249,3
DA:251,2
DA:252,0
DA:254,1
DA:257,1
DA:259,4
DA:260,0
DA:261,0
DA:264,4
DA:265,0
DA:267,1
DA:270,0
DA:271,0
DA:273,0
DA:275,0
DA:276,0
DA:279,1
DA:281,1
DA:283,1
DA:285,1
DA:288,1
DA:289,2
DA:290,0
DA:291,0
DA:292,0
DA:293,0
DA:297,1
DA:298,2
DA:299,0
DA:300,0
DA:303,2
DA:304,0
DA:305,0
DA:308,1
DA:309,2
DA:310,1
DA:311,1
DA:312,2
DA:313,1
DA:314,2
DA:315,4
DA:317,1
DA:319,2
DA:321,2
DA:322,1
DA:323,2
DA:324,2
DA:325,1
DA:327,1
DA:329,1
DA:330,2
DA:331,1
DA:332,1
DA:333,1
DA:334,1
DA:335,1
DA:336,1
DA:337,1
DA:338,1
DA:339,1
DA:340,3
DA:341,2
DA:342,1
DA:343,1
DA:348,1
DA:349,2
DA:351,2
DA:352,1
DA:361,0
DA:371,0
DA:373,0
DA:378,0
DA:379,0
DA:381,0
DA:383,0
DA:384,0
DA:386,0
DA:387,0
DA:392,0
DA:393,0
DA:394,0
DA:395,0
DA:396,0
DA:397,0
DA:400,0
DA:405,0
DA:407,0
DA:409,0
DA:410,0
DA:411,0
DA:416,1
DA:427,1
DA:429,2
DA:430,3
DA:432,3
DA:434,1
DA:436,1
DA:437,0
DA:439,1
DA:442,1
DA:446,1
DA:447,1
DA:448,1
DA:449,1
DA:456,1
DA:457,1
DA:459,1
DA:464,1
DA:467,0
DA:469,0
DA:471,0
DA:472,0
DA:473,0
DA:474,0
LF:190
LH:102
end_of_record
TN:
SF:lib/src/components/time_input/time_input.dart
FNF:0
FNH:0
DA:19,0
DA:64,0
DA:65,0
DA:66,0
DA:68,0
DA:70,0
DA:71,0
DA:72,0
DA:73,0
DA:74,0
DA:75,0
DA:76,0
DA:77,0
DA:78,0
DA:79,0
DA:80,0
DA:88,0
DA:94,0
DA:101,0
DA:103,0
DA:106,0
DA:107,0
DA:108,0
DA:109,0
DA:110,0
DA:112,0
DA:118,0
DA:120,0
DA:121,0
DA:122,0
DA:126,0
DA:127,0
DA:128,0
DA:131,0
DA:134,0
DA:136,0
DA:138,0
DA:141,0
DA:142,0
DA:143,0
DA:144,0
DA:146,0
DA:149,0
DA:150,0
DA:152,0
DA:153,0
DA:155,0
DA:156,0
DA:159,0
DA:160,0
DA:162,0
DA:163,0
DA:164,0
DA:165,0
DA:166,0
DA:167,0
DA:168,0
DA:169,0
DA:170,0
DA:171,0
DA:172,0
DA:175,0
DA:178,0
DA:185,0
DA:186,0
DA:193,0
DA:197,0
DA:199,0
DA:200,0
DA:201,0
DA:202,0
DA:204,0
DA:205,0
DA:208,0
DA:209,0
DA:211,0
DA:213,0
DA:214,0
DA:215,0
DA:217,0
DA:218,0
DA:219,0
DA:220,0
DA:221,0
DA:222,0
DA:223,0
DA:224,0
DA:225,0
DA:226,0
DA:227,0
DA:228,0
DA:230,0
DA:232,0
DA:233,0
DA:234,0
DA:236,0
DA:239,0
DA:240,0
DA:244,0
DA:245,0
DA:246,0
DA:249,0
DA:250,0
DA:251,0
DA:253,0
DA:254,0
DA:255,0
DA:256,0
DA:258,0
DA:260,0
DA:261,0
DA:262,0
DA:263,0
LF:113
LH:0
end_of_record
TN:
SF:lib/src/components/tooltip/tooltip.dart
FNF:0
FNH:0
DA:27,1
DA:72,1
DA:74,1
DA:75,3
DA:77,3
DA:78,1
DA:81,1
DA:82,1
DA:83,1
DA:84,1
DA:85,1
DA:87,1
DA:88,2
DA:89,1
DA:90,1
DA:91,1
DA:93,1
DA:98,1
DA:100,1
DA:101,2
DA:102,1
DA:103,1
DA:104,1
DA:106,1
DA:111,1
DA:112,1
DA:113,3
DA:115,1
DA:116,1
DA:118,1
DA:120,1
DA:121,1
DA:126,1
DA:127,1
DA:128,1
DA:129,2
DA:132,1
DA:137,2
DA:138,1
DA:139,1
DA:140,1
DA:142,1
DA:149,2
DA:150,1
DA:151,1
DA:152,1
DA:154,1
DA:166,1
DA:168,1
DA:170,3
DA:171,3
DA:172,3
DA:173,3
DA:174,3
DA:175,3
DA:180,1
DA:188,1
DA:190,1
DA:191,1
DA:192,2
DA:193,1
DA:194,2
DA:195,3
DA:196,2
DA:197,3
DA:198,3
DA:199,2
DA:200,2
DA:201,3
DA:202,3
DA:203,2
DA:204,2
DA:205,2
DA:206,4
DA:207,1
DA:208,2
DA:209,4
DA:210,2
DA:211,1
DA:213,1
DA:216,0
LF:81
LH:80
end_of_record
TN:
SF:lib/src/components/top_app_bar/extended_top_app_bar.dart
FNF:0
FNH:0
DA:17,0
DA:40,0
DA:42,0
DA:44,0
DA:45,0
DA:46,0
DA:47,0
DA:48,0
DA:49,0
DA:50,0
DA:51,0
DA:52,0
DA:58,0
DA:59,0
DA:60,0
DA:62,0
DA:63,0
DA:64,0
DA:71,0
DA:74,0
DA:75,0
DA:77,0
DA:78,0
LF:23
LH:0
end_of_record
TN:
SF:lib/src/components/top_app_bar/search_top_app_bar.dart
FNF:0
FNH:0
DA:11,0
DA:40,0
DA:41,0
DA:43,0
DA:45,0
DA:47,0
DA:48,0
DA:49,0
DA:50,0
DA:51,0
DA:64,0
DA:66,0
DA:67,0
DA:68,0
DA:70,0
DA:73,0
DA:74,0
DA:75,0
DA:77,0
DA:80,0
DA:81,0
DA:84,0
DA:87,0
DA:88,0
DA:90,0
DA:93,0
DA:94,0
DA:95,0
DA:97,0
DA:98,0
DA:101,0
DA:102,0
DA:103,0
DA:104,0
DA:105,0
DA:108,0
DA:109,0
DA:110,0
DA:111,0
DA:114,0
DA:115,0
DA:116,0
DA:117,0
DA:121,0
DA:123,0
DA:124,0
DA:127,0
DA:130,0
DA:132,0
DA:133,0
DA:134,0
DA:135,0
DA:136,0
DA:139,0
DA:141,0
DA:142,0
DA:143,0
DA:144,0
DA:147,0
DA:148,0
DA:150,0
DA:151,0
DA:152,0
DA:155,0
DA:156,0
DA:157,0
DA:158,0
DA:159,0
DA:160,0
DA:163,0
DA:164,0
DA:165,0
DA:167,0
DA:168,0
DA:169,0
DA:172,0
DA:173,0
DA:175,0
DA:177,0
DA:197,0
DA:200,0
DA:203,0
DA:206,0
DA:207,0
DA:209,0
DA:210,0
DA:214,0
DA:215,0
DA:217,0
DA:218,0
DA:222,0
DA:224,0
DA:226,0
DA:227,0
LF:94
LH:0
end_of_record
TN:
SF:lib/src/components/top_app_bar/top_app_bar.dart
FNF:0
FNH:0
DA:13,0
DA:29,0
DA:46,0
DA:93,0
DA:94,0
DA:96,0
DA:98,0
DA:100,0
DA:102,0
DA:103,0
DA:104,0
DA:105,0
DA:106,0
DA:107,0
DA:108,0
DA:109,0
DA:116,0
DA:118,0
DA:119,0
DA:122,0
DA:123,0
DA:126,0
DA:129,0
DA:131,0
DA:132,0
DA:135,0
DA:136,0
DA:137,0
DA:138,0
DA:139,0
DA:140,0
DA:141,0
DA:142,0
DA:143,0
DA:144,0
DA:145,0
DA:146,0
DA:147,0
DA:148,0
DA:149,0
DA:150,0
DA:154,0
DA:158,0
DA:159,0
DA:164,0
DA:165,0
DA:166,0
DA:167,0
DA:168,0
DA:169,0
DA:171,0
DA:173,0
DA:174,0
DA:175,0
DA:176,0
DA:179,0
DA:180,0
DA:182,0
DA:184,0
DA:185,0
DA:193,0
DA:196,0
DA:198,0
DA:200,0
DA:201,0
DA:203,0
DA:204,0
DA:205,0
DA:206,0
DA:207,0
DA:208,0
DA:209,0
DA:214,0
DA:215,0
DA:217,0
DA:219,0
DA:220,0
DA:222,0
DA:227,0
DA:228,0
DA:229,0
DA:230,0
DA:231,0
DA:232,0
DA:233,0
DA:235,0
DA:238,0
DA:240,0
DA:241,0
DA:243,0
DA:244,0
DA:245,0
DA:246,0
LF:93
LH:0
end_of_record
TN:
SF:lib/src/interfaces/form_field.dart
FNF:0
FNH:0
DA:17,2
DA:37,1
DA:39,1
DA:41,3
DA:42,3
DA:43,3
DA:44,3
LF:7
LH:7
end_of_record
TN:
SF:lib/src/theme/breakpoints.dart
FNF:0
FNH:0
DA:33,1
DA:34,2
DA:43,1
DA:44,4
DA:48,1
DA:49,1
DA:51,1
DA:53,1
DA:55,1
DA:57,1
LF:10
LH:10
end_of_record
TN:
SF:lib/src/theme/color_extensions.dart
FNF:0
FNH:0
DA:32,4
DA:36,1
DA:37,1
DA:38,1
DA:39,1
DA:40,1
DA:41,6
DA:42,6
DA:43,6
DA:50,1
DA:51,1
DA:52,1
DA:56,2
DA:57,7
DA:62,1
DA:63,1
DA:64,1
DA:65,1
DA:66,7
DA:75,56
DA:78,57
DA:81,3
DA:94,1
DA:96,1
DA:98,1
DA:99,4
DA:114,1
DA:116,1
DA:118,1
DA:119,2
DA:138,1
DA:144,1
DA:146,1
DA:149,1
DA:151,1
DA:153,1
DA:156,1
DA:158,1
DA:160,1
DA:164,1
DA:166,1
DA:171,2
DA:172,8
DA:176,1
DA:177,1
DA:179,2
DA:183,3
DA:191,3
DA:192,3
DA:193,3
DA:194,3
DA:195,3
DA:197,9
DA:210,3
DA:220,3
DA:221,3
DA:223,12
DA:227,3
DA:228,9
DA:231,15
DA:233,3
DA:235,6
DA:236,3
DA:254,3
DA:261,6
DA:266,15
DA:270,3
DA:273,3
DA:275,3
DA:279,3
DA:281,6
DA:282,3
DA:283,6
DA:285,3
DA:301,1
DA:305,2
LF:76
LH:76
end_of_record
TN:
SF:lib/src/theme/color_scheme.dart
FNF:0
FNH:0
DA:29,19
DA:95,19
DA:151,19
DA:152,18
DA:153,18
DA:154,19
DA:155,18
DA:156,18
DA:157,19
DA:158,19
DA:159,19
DA:160,19
DA:161,19
DA:162,19
DA:163,19
DA:164,19
DA:165,19
DA:166,19
DA:167,19
DA:168,19
DA:169,19
DA:170,19
DA:171,19
DA:172,19
DA:173,19
DA:174,19
DA:175,19
DA:176,19
DA:177,19
DA:178,19
DA:179,19
DA:180,19
DA:181,19
DA:182,19
DA:183,19
DA:184,19
DA:185,19
DA:186,19
DA:187,19
DA:188,19
DA:189,19
DA:190,19
DA:191,19
DA:192,19
DA:193,19
DA:194,19
DA:195,19
DA:196,19
DA:200,1
DA:202,1
DA:204,3
DA:205,3
DA:208,18
DA:211,2
DA:212,2
DA:213,6
DA:214,6
DA:215,6
DA:217,1
DA:218,7
LF:60
LH:60
end_of_record
TN:
SF:lib/src/theme/color_swatch.dart
FNF:0
FNH:0
DA:15,49
DA:20,23
DA:32,3
DA:45,3
DA:48,3
DA:49,3
DA:50,3
DA:67,24
DA:68,94
DA:71,46
DA:74,20
DA:77,18
DA:80,18
DA:83,24
DA:86,18
DA:89,22
DA:92,18
DA:95,48
DA:98,16
DA:106,38
DA:112,4
DA:118,16
DA:124,8
DA:130,4
DA:136,4
DA:142,20
DA:148,4
DA:153,8
DA:165,24
DA:169,96
DA:172,88
DA:175,110
DA:178,69
DA:181,22
DA:184,44
DA:189,8
DA:190,8
DA:191,8
DA:192,8
DA:193,8
DA:194,8
DA:195,8
DA:196,8
DA:197,8
DA:198,8
DA:199,8
DA:200,8
DA:201,8
DA:202,8
DA:203,8
LF:50
LH:50
end_of_record
TN:
SF:lib/src/theme/colors.dart
FNF:0
FNH:0
DA:16,23
DA:34,23
DA:35,23
DA:36,23
DA:37,23
DA:38,23
DA:39,23
DA:42,23
DA:48,23
DA:50,22
DA:56,22
DA:57,23
DA:58,23
DA:59,23
DA:60,23
DA:61,23
DA:62,23
DA:63,23
DA:64,23
DA:78,21
DA:91,21
DA:100,1
DA:101,1
DA:118,21
DA:131,21
DA:141,1
DA:142,1
DA:148,1
DA:149,1
DA:152,1
DA:153,1
DA:156,1
DA:157,1
DA:160,1
DA:161,1
DA:164,1
DA:165,1
DA:168,1
DA:169,1
DA:172,1
DA:176,1
DA:180,1
DA:276,54
DA:285,6
DA:292,6
DA:301,6
DA:308,6
DA:317,3
DA:324,6
DA:333,3
DA:338,3
DA:343,3
DA:348,9
DA:353,3
DA:358,6
DA:363,9
DA:368,3
DA:373,3
DA:378,3
DA:383,3
DA:388,2
DA:393,3
DA:398,3
DA:403,3
DA:408,3
DA:413,3
DA:418,3
DA:423,8
DA:428,3
DA:433,4
DA:438,3
DA:443,10
DA:448,3
DA:453,10
DA:458,3
DA:463,3
DA:468,15
DA:473,6
DA:478,3
DA:483,6
DA:488,3
DA:493,2
DA:498,3
DA:503,3
DA:508,3
DA:513,3
DA:518,3
DA:523,3
DA:582,3
DA:585,9
DA:588,2
DA:589,1
DA:590,1
DA:591,1
DA:592,1
DA:593,1
DA:594,1
DA:595,1
DA:599,23
DA:607,23
DA:611,23
DA:617,23
DA:623,3
DA:640,3
DA:641,3
DA:642,3
DA:643,3
DA:644,1
DA:645,3
DA:646,3
DA:647,3
DA:648,3
DA:649,3
DA:650,3
DA:651,3
DA:652,3
DA:653,8
DA:660,21
DA:663,42
DA:664,3
DA:670,18
DA:671,72
DA:672,72
DA:673,18
DA:674,18
DA:676,18
DA:678,18
DA:680,18
DA:681,18
DA:682,18
DA:683,18
DA:690,6
DA:691,6
DA:692,6
DA:693,6
DA:694,6
DA:695,6
DA:696,6
DA:697,6
DA:698,6
DA:699,6
DA:700,6
DA:701,6
DA:702,6
DA:703,6
DA:741,36
DA:744,2
DA:751,1
DA:752,4
DA:759,1
DA:760,4
DA:767,5
DA:774,5
DA:781,5
DA:790,5
DA:797,5
DA:806,5
DA:815,5
DA:822,5
DA:829,1
DA:830,4
DA:837,1
DA:838,4
DA:848,1
DA:849,4
DA:855,1
DA:856,4
DA:863,18
DA:864,55
DA:871,1
DA:872,4
DA:879,5
DA:884,1
DA:885,4
DA:890,1
DA:891,4
DA:898,5
DA:905,5
DA:912,5
DA:919,5
DA:926,5
DA:933,5
DA:940,5
DA:947,5
DA:961,2
DA:973,2
DA:983,2
DA:993,2
DA:995,1
DA:997,1
DA:998,3
DA:999,1
DA:1000,3
DA:1001,1
DA:1002,3
DA:1003,1
DA:1004,3
DA:1005,1
DA:1006,4
DA:1007,1
DA:1008,4
DA:1009,1
DA:1010,4
DA:1011,1
DA:1012,4
DA:1013,1
DA:1014,3
DA:1015,1
DA:1016,3
DA:1017,1
DA:1018,3
DA:1019,1
DA:1020,3
DA:1021,1
DA:1022,3
DA:1023,1
DA:1024,3
DA:1025,1
DA:1026,3
DA:1027,1
DA:1028,3
DA:1029,1
DA:1030,4
DA:1031,1
DA:1032,4
DA:1033,1
DA:1034,4
DA:1035,1
DA:1036,4
DA:1037,1
DA:1038,4
DA:1039,1
DA:1040,4
DA:1041,1
DA:1042,4
DA:1043,1
DA:1044,4
DA:1045,1
DA:1046,4
DA:1047,1
DA:1048,4
DA:1049,1
DA:1050,2
LF:243
LH:243
end_of_record
TN:
SF:lib/src/theme/contrast.dart
FNF:0
FNH:0
DA:18,23
DA:20,23
DA:22,5
DA:31,2
DA:33,2
DA:35,2
DA:44,5
DA:46,5
DA:48,2
DA:57,3
DA:59,3
DA:61,2
DA:70,2
DA:72,2
DA:74,2
DA:83,2
DA:85,2
DA:87,2
DA:96,6
DA:98,6
DA:100,2
DA:108,2
DA:110,2
DA:112,2
DA:120,3
DA:122,3
DA:124,2
DA:141,2
DA:143,2
DA:145,1
LF:30
LH:30
end_of_record
TN:
SF:lib/src/theme/theme_data.dart
FNF:0
FNH:0
DA:22,20
DA:31,1
DA:33,1
DA:34,1
DA:36,20
DA:37,20
DA:39,1
DA:41,1
DA:42,1
DA:44,20
DA:45,20
DA:64,40
DA:71,40
DA:74,19
DA:77,19
DA:79,19
DA:80,19
DA:81,19
DA:82,19
DA:86,4
DA:87,4
DA:88,4
DA:89,4
DA:90,4
DA:91,4
LF:25
LH:25
end_of_record
TN:
SF:lib/src/utils/debounce.dart
FNF:0
FNH:0
DA:10,2
DA:11,4
DA:15,1
DA:17,2
DA:32,2
DA:33,4
DA:34,8
DA:38,3
LF:8
LH:8
end_of_record
TN:
SF:lib/src/utils/extensions.dart
FNF:0
FNH:0
DA:10,4
DA:11,4
DA:13,8
DA:14,4
DA:15,4
DA:17,4
DA:22,1
DA:23,1
DA:24,1
DA:27,1
DA:34,3
DA:40,3
DA:46,3
DA:49,6
DA:52,9
DA:55,3
DA:58,9
DA:66,2
DA:67,2
DA:68,6
DA:75,4
DA:76,8
DA:78,4
DA:79,4
DA:80,2
DA:81,2
DA:82,2
DA:83,1
DA:84,2
DA:85,2
DA:86,2
DA:87,2
DA:95,1
DA:96,1
DA:97,5
DA:98,1
DA:99,2
DA:100,5
DA:101,3
DA:102,2
DA:103,1
DA:104,1
DA:108,2
DA:109,2
DA:110,6
DA:111,10
LF:46
LH:46
end_of_record
TN:
SF:lib/src/utils/nothing.dart
FNF:0
FNH:0
DA:6,339
DA:8,2
LF:2
LH:2
end_of_record
TN:
SF:lib/src/utils/rounded.dart
FNF:0
FNH:0
DA:11,8
DA:21,13
DA:22,13
DA:25,2
DA:26,6
DA:27,1
DA:29,1
DA:30,3
DA:37,227
DA:42,8
DA:44,8
DA:45,24
DA:52,5
DA:57,3
DA:59,3
DA:60,9
DA:67,14
DA:69,46
DA:70,12
DA:73,16
DA:76,43
LF:21
LH:21
end_of_record
TN:
SF:lib/src/zeta.dart
FNF:0
FNH:0
DA:15,19
DA:52,15
DA:53,30
DA:54,62
DA:55,4
DA:56,2
DA:58,4
DA:67,2
DA:68,4
DA:69,2
DA:70,2
DA:77,3
DA:79,9
DA:80,9
DA:81,6
DA:82,6
DA:83,6
DA:90,17
DA:91,17
DA:95,1
DA:96,1
DA:97,1
DA:98,1
DA:101,1
DA:102,1
DA:103,2
DA:104,1
DA:105,1
DA:113,1
DA:115,1
DA:117,3
DA:118,3
DA:119,3
DA:120,3
DA:121,3
DA:122,3
DA:123,3
LF:37
LH:37
end_of_record
TN:
SF:lib/src/zeta_provider.dart
FNF:0
FNH:0
DA:23,34
DA:24,36
DA:32,1
DA:40,1
DA:41,1
DA:49,17
DA:59,17
DA:60,17
DA:105,18
DA:106,18
DA:108,1
DA:110,1
DA:112,3
DA:113,3
DA:114,3
DA:115,3
DA:116,3
DA:117,3
DA:118,3
DA:119,3
DA:120,3
DA:124,1
DA:125,1
DA:129,1
DA:130,1
DA:131,1
DA:132,1
DA:135,1
DA:136,1
DA:137,2
DA:138,1
DA:139,1
DA:186,18
DA:188,18
DA:189,36
DA:192,108
DA:195,54
DA:198,54
DA:201,54
DA:204,90
DA:207,54
DA:210,54
DA:216,18
DA:218,36
DA:219,18
DA:226,1
DA:228,1
DA:231,1
DA:235,3
DA:238,3
DA:242,1
DA:245,3
DA:247,4
DA:249,2
DA:251,2
DA:258,18
DA:260,72
DA:261,17
DA:262,17
DA:263,17
DA:264,17
DA:265,17
DA:266,17
DA:267,51
DA:269,17
DA:271,17
DA:272,68
DA:274,17
DA:276,17
DA:277,68
DA:279,17
DA:284,1
DA:285,1
DA:286,1
DA:287,1
DA:288,1
DA:289,1
DA:290,5
DA:294,2
DA:296,2
DA:297,8
DA:298,8
DA:299,8
DA:300,8
DA:301,4
DA:302,2
DA:303,3
DA:304,3
DA:305,5
DA:306,3
DA:307,3
DA:313,1
DA:314,2
DA:315,1
DA:316,1
DA:321,1
DA:322,2
DA:323,3
DA:324,1
DA:329,1
DA:330,2
DA:331,1
DA:332,3
DA:333,1
DA:339,0
DA:340,0
DA:341,0
DA:342,0
DA:346,1
DA:347,1
DA:348,3
DA:349,1
DA:350,1
DA:351,1
DA:356,1
DA:358,1
DA:360,3
DA:361,3
DA:362,3
DA:367,17
DA:376,0
DA:378,0
DA:380,0
DA:382,0
DA:383,0
DA:385,0
DA:386,0
DA:388,0
DA:389,0
DA:390,0
DA:391,0
DA:395,17
DA:399,17
DA:400,17
DA:402,17
DA:405,0
DA:406,17
LF:137
LH:121
end_of_record
